07/19/2024 01:14:38 | INFO      | ################################################################################
07/19/2024 01:14:38 | INFO      | app avviata
07/19/2024 01:14:38 | INFO      | [FileTransfer   ]: ********************************************************************************
07/19/2024 01:14:38 | INFO      | [FileTransfer   ]: creata un'istanza di FileTransfer
07/19/2024 01:30:03 | INFO      | ################################################################################
07/19/2024 01:30:03 | INFO      | app avviata
07/19/2024 01:30:03 | INFO      | [FileTransfer   ]: ********************************************************************************
07/19/2024 01:30:03 | INFO      | [FileTransfer   ]: creata un'istanza di FileTransfer
07/19/2024 01:31:04 | INFO      | ################################################################################
07/19/2024 01:31:04 | INFO      | app avviata
07/19/2024 01:31:04 | INFO      | [FileTransfer   ]: ********************************************************************************
07/19/2024 01:31:04 | INFO      | [FileTransfer   ]: creata un'istanza di FileTransfer
07/19/2024 01:36:41 | INFO      | ################################################################################
07/19/2024 01:36:41 | INFO      | app avviata
07/19/2024 01:36:41 | INFO      | [FileTransfer   ]: ********************************************************************************
07/19/2024 01:36:41 | INFO      | [FileTransfer   ]: creata un'istanza di FileTransfer
07/19/2024 01:36:45 | INFO      | [FileTransfer   ]: chiusura istanza di FileTransfer
07/19/2024 01:36:45 | INFO      | [FileTransfer   ]: ********************************************************************************
07/19/2024 01:36:45 | INFO      | app chiusa
07/19/2024 01:36:45 | INFO      | ################################################################################
07/19/2024 01:36:50 | INFO      | ################################################################################
07/19/2024 01:36:50 | INFO      | app avviata
07/19/2024 01:36:50 | INFO      | [FileTransfer   ]: ********************************************************************************
07/19/2024 01:36:50 | INFO      | [FileTransfer   ]: creata un'istanza di FileTransfer
07/19/2024 02:57:59 | INFO      | ################################################################################
07/19/2024 02:57:59 | INFO      | app avviata
07/19/2024 02:57:59 | INFO      | [FileTransfer   ]: ********************************************************************************
07/19/2024 02:57:59 | INFO      | [FileTransfer   ]: creata un'istanza di FileTransfer
07/19/2024 03:03:02 | INFO      | ################################################################################
07/19/2024 03:03:02 | INFO      | app avviata
07/19/2024 03:03:02 | INFO      | [FileTransfer   ]: ********************************************************************************
07/19/2024 03:03:02 | INFO      | [FileTransfer   ]: creata un'istanza di FileTransfer
07/19/2024 03:15:50 | INFO      | ################################################################################
07/19/2024 03:15:50 | INFO      | app avviata
07/19/2024 03:15:50 | INFO      | [FileTransfer   ]: ********************************************************************************
07/19/2024 03:15:50 | INFO      | [FileTransfer   ]: creata un'istanza di FileTransfer
07/19/2024 03:17:02 | INFO      | ################################################################################
07/19/2024 03:17:02 | INFO      | app avviata
07/19/2024 03:17:02 | INFO      | [FileTransfer   ]: ********************************************************************************
07/19/2024 03:17:02 | INFO      | [FileTransfer   ]: creata un'istanza di FileTransfer
07/19/2024 03:17:44 | INFO      | ################################################################################
07/19/2024 03:17:44 | INFO      | app avviata
07/19/2024 03:17:44 | INFO      | [FileTransfer   ]: ********************************************************************************
07/19/2024 03:17:44 | INFO      | [FileTransfer   ]: creata un'istanza di FileTransfer
07/19/2024 03:18:38 | INFO      | ################################################################################
07/19/2024 03:18:38 | INFO      | app avviata
07/19/2024 03:18:38 | INFO      | [FileTransfer   ]: ********************************************************************************
07/19/2024 03:18:38 | INFO      | [FileTransfer   ]: creata un'istanza di FileTransfer
07/19/2024 03:18:48 | INFO      | ################################################################################
07/19/2024 03:18:48 | INFO      | app avviata
07/19/2024 03:18:48 | INFO      | [FileTransfer   ]: ********************************************************************************
07/19/2024 03:18:48 | INFO      | [FileTransfer   ]: creata un'istanza di FileTransfer
07/19/2024 03:20:41 | INFO      | ################################################################################
07/19/2024 03:20:41 | INFO      | app avviata
07/19/2024 03:20:41 | INFO      | [FileTransfer   ]: ********************************************************************************
07/19/2024 03:20:41 | INFO      | [FileTransfer   ]: creata un'istanza di FileTransfer
07/19/2024 03:20:54 | INFO      | ################################################################################
07/19/2024 03:20:54 | INFO      | app avviata
07/19/2024 03:20:54 | INFO      | [FileTransfer   ]: ********************************************************************************
07/19/2024 03:20:54 | INFO      | [FileTransfer   ]: creata un'istanza di FileTransfer
07/19/2024 03:21:01 | INFO      | ################################################################################
07/19/2024 03:21:01 | INFO      | app avviata
07/19/2024 03:21:01 | INFO      | [FileTransfer   ]: ********************************************************************************
07/19/2024 03:21:01 | INFO      | [FileTransfer   ]: creata un'istanza di FileTransfer
07/19/2024 03:21:12 | INFO      | ################################################################################
07/19/2024 03:21:12 | INFO      | app avviata
07/19/2024 03:21:12 | INFO      | [FileTransfer   ]: ********************************************************************************
07/19/2024 03:21:12 | INFO      | [FileTransfer   ]: creata un'istanza di FileTransfer
07/19/2024 03:21:33 | INFO      | ################################################################################
07/19/2024 03:21:33 | INFO      | app avviata
07/19/2024 03:21:33 | INFO      | [FileTransfer   ]: ********************************************************************************
07/19/2024 03:21:33 | INFO      | [FileTransfer   ]: creata un'istanza di FileTransfer
07/19/2024 03:22:45 | INFO      | ################################################################################
07/19/2024 03:22:45 | INFO      | app avviata
07/19/2024 03:22:45 | INFO      | [FileTransfer   ]: ********************************************************************************
07/19/2024 03:22:45 | INFO      | [FileTransfer   ]: creata un'istanza di FileTransfer
07/19/2024 03:23:11 | INFO      | ################################################################################
07/19/2024 03:23:11 | INFO      | app avviata
07/19/2024 03:23:11 | INFO      | [FileTransfer   ]: ********************************************************************************
07/19/2024 03:23:11 | INFO      | [FileTransfer   ]: creata un'istanza di FileTransfer
07/19/2024 03:23:51 | INFO      | ################################################################################
07/19/2024 03:23:51 | INFO      | app avviata
07/19/2024 03:23:51 | INFO      | [FileTransfer   ]: ********************************************************************************
07/19/2024 03:23:51 | INFO      | [FileTransfer   ]: creata un'istanza di FileTransfer
07/19/2024 03:24:17 | INFO      | ################################################################################
07/19/2024 03:24:17 | INFO      | app avviata
07/19/2024 03:24:17 | INFO      | [FileTransfer   ]: ********************************************************************************
07/19/2024 03:24:17 | INFO      | [FileTransfer   ]: creata un'istanza di FileTransfer
07/19/2024 03:24:41 | INFO      | ################################################################################
07/19/2024 03:24:41 | INFO      | app avviata
07/19/2024 03:24:41 | INFO      | [FileTransfer   ]: ********************************************************************************
07/19/2024 03:24:41 | INFO      | [FileTransfer   ]: creata un'istanza di FileTransfer
07/19/2024 03:29:22 | INFO      | ################################################################################
07/19/2024 03:29:22 | INFO      | app avviata
07/19/2024 03:29:22 | INFO      | [FileTransfer   ]: ********************************************************************************
07/19/2024 03:29:22 | INFO      | [FileTransfer   ]: creata un'istanza di FileTransfer
07/19/2024 03:31:51 | INFO      | ################################################################################
07/19/2024 03:31:51 | INFO      | app avviata
07/19/2024 03:31:51 | INFO      | [FileTransfer   ]: ********************************************************************************
07/19/2024 03:31:51 | INFO      | [FileTransfer   ]: creata un'istanza di FileTransfer
07/19/2024 03:32:51 | INFO      | ################################################################################
07/19/2024 03:32:51 | INFO      | app avviata
07/19/2024 03:32:51 | INFO      | [FileTransfer   ]: ********************************************************************************
07/19/2024 03:32:51 | INFO      | [FileTransfer   ]: creata un'istanza di FileTransfer
07/19/2024 03:34:31 | INFO      | ################################################################################
07/19/2024 03:34:31 | INFO      | app avviata
07/19/2024 03:34:31 | INFO      | [FileTransfer   ]: ********************************************************************************
07/19/2024 03:34:31 | INFO      | [FileTransfer   ]: creata un'istanza di FileTransfer
07/19/2024 03:36:00 | INFO      | ################################################################################
07/19/2024 03:36:00 | INFO      | app avviata
07/19/2024 03:36:00 | INFO      | [FileTransfer   ]: ********************************************************************************
07/19/2024 03:36:00 | INFO      | [FileTransfer   ]: creata un'istanza di FileTransfer
07/19/2024 03:36:52 | INFO      | [FileTransfer   ]: chiusura istanza di FileTransfer
07/19/2024 03:36:52 | INFO      | [FileTransfer   ]: ********************************************************************************
07/19/2024 03:36:52 | INFO      | app chiusa
07/19/2024 03:36:52 | INFO      | ################################################################################
07/19/2024 03:36:53 | INFO      | ################################################################################
07/19/2024 03:36:53 | INFO      | app avviata
07/19/2024 03:36:53 | INFO      | [FileTransfer   ]: ********************************************************************************
07/19/2024 03:36:53 | INFO      | [FileTransfer   ]: creata un'istanza di FileTransfer
07/19/2024 03:45:41 | INFO      | ################################################################################
07/19/2024 03:45:41 | INFO      | app avviata
07/19/2024 03:45:41 | INFO      | [FileTransfer   ]: ********************************************************************************
07/19/2024 03:45:41 | INFO      | [FileTransfer   ]: creata un'istanza di FileTransfer
07/19/2024 03:45:52 | INFO      | ################################################################################
07/19/2024 03:45:52 | INFO      | app avviata
07/19/2024 03:45:52 | INFO      | [FileTransfer   ]: ********************************************************************************
07/19/2024 03:45:52 | INFO      | [FileTransfer   ]: creata un'istanza di FileTransfer
07/19/2024 03:47:44 | INFO      | ################################################################################
07/19/2024 03:47:44 | INFO      | app avviata
07/19/2024 03:47:44 | INFO      | [FileTransfer   ]: ********************************************************************************
07/19/2024 03:47:44 | INFO      | [FileTransfer   ]: creata un'istanza di FileTransfer
07/19/2024 03:48:21 | INFO      | ################################################################################
07/19/2024 03:48:21 | INFO      | app avviata
07/19/2024 03:48:21 | INFO      | [FileTransfer   ]: ********************************************************************************
07/19/2024 03:48:21 | INFO      | [FileTransfer   ]: creata un'istanza di FileTransfer
07/19/2024 03:48:47 | INFO      | ################################################################################
07/19/2024 03:48:47 | INFO      | app avviata
07/19/2024 03:48:47 | INFO      | [FileTransfer   ]: ********************************************************************************
07/19/2024 03:48:47 | INFO      | [FileTransfer   ]: creata un'istanza di FileTransfer
07/19/2024 03:49:00 | INFO      | ################################################################################
07/19/2024 03:49:00 | INFO      | app avviata
07/19/2024 03:49:00 | INFO      | [FileTransfer   ]: ********************************************************************************
07/19/2024 03:49:00 | INFO      | [FileTransfer   ]: creata un'istanza di FileTransfer
07/19/2024 03:49:33 | INFO      | ################################################################################
07/19/2024 03:49:33 | INFO      | app avviata
07/19/2024 03:49:33 | INFO      | [FileTransfer   ]: ********************************************************************************
07/19/2024 03:49:33 | INFO      | [FileTransfer   ]: creata un'istanza di FileTransfer
07/19/2024 03:50:43 | INFO      | ################################################################################
07/19/2024 03:50:43 | INFO      | app avviata
07/19/2024 03:50:43 | INFO      | [FileTransfer   ]: ********************************************************************************
07/19/2024 03:50:43 | INFO      | [FileTransfer   ]: creata un'istanza di FileTransfer
07/19/2024 03:51:14 | INFO      | ################################################################################
07/19/2024 03:51:14 | INFO      | app avviata
07/19/2024 03:51:14 | INFO      | [FileTransfer   ]: ********************************************************************************
07/19/2024 03:51:14 | INFO      | [FileTransfer   ]: creata un'istanza di FileTransfer
07/19/2024 04:17:55 | INFO      | ################################################################################
07/19/2024 04:17:55 | INFO      | app avviata
07/19/2024 04:17:55 | INFO      | [FileTransfer   ]: ********************************************************************************
07/19/2024 04:17:55 | INFO      | [FileTransfer   ]: creata un'istanza di FileTransfer
07/19/2024 04:18:00 | INFO      | [FileTransfer   ]: chiusura istanza di FileTransfer
07/19/2024 04:18:00 | INFO      | [FileTransfer   ]: ********************************************************************************
07/19/2024 04:18:00 | INFO      | app chiusa
07/19/2024 04:18:00 | INFO      | ################################################################################
07/19/2024 04:18:13 | INFO      | ################################################################################
07/19/2024 04:18:13 | INFO      | app avviata
07/19/2024 04:18:13 | INFO      | [FileTransfer   ]: ********************************************************************************
07/19/2024 04:18:13 | INFO      | [FileTransfer   ]: creata un'istanza di FileTransfer
07/19/2024 04:18:19 | INFO      | ################################################################################
07/19/2024 04:18:19 | INFO      | app avviata
07/19/2024 04:18:19 | INFO      | [FileTransfer   ]: ********************************************************************************
07/19/2024 04:18:19 | INFO      | [FileTransfer   ]: creata un'istanza di FileTransfer
07/19/2024 04:19:15 | INFO      | ################################################################################
07/19/2024 04:19:15 | INFO      | app avviata
07/19/2024 04:19:15 | INFO      | [FileTransfer   ]: ********************************************************************************
07/19/2024 04:19:15 | INFO      | [FileTransfer   ]: creata un'istanza di FileTransfer
07/19/2024 04:19:55 | INFO      | ################################################################################
07/19/2024 04:19:55 | INFO      | app avviata
07/19/2024 04:19:55 | INFO      | [FileTransfer   ]: ********************************************************************************
07/19/2024 04:19:55 | INFO      | [FileTransfer   ]: creata un'istanza di FileTransfer
07/19/2024 04:24:13 | INFO      | ################################################################################
07/19/2024 04:24:13 | INFO      | app avviata
07/19/2024 04:24:13 | INFO      | [FileTransfer   ]: ********************************************************************************
07/19/2024 04:24:13 | INFO      | [FileTransfer   ]: creata un'istanza di FileTransfer
07/19/2024 16:15:03 | INFO      | ################################################################################
07/19/2024 16:15:03 | INFO      | app avviata
07/19/2024 16:15:03 | INFO      | [FileTransfer   ]: ********************************************************************************
07/19/2024 16:15:03 | INFO      | [FileTransfer   ]: creata un'istanza di FileTransfer
07/19/2024 16:15:54 | INFO      | ################################################################################
07/19/2024 16:15:54 | INFO      | app avviata
07/19/2024 16:15:54 | INFO      | [FileTransfer   ]: ********************************************************************************
07/19/2024 16:15:54 | INFO      | [FileTransfer   ]: creata un'istanza di FileTransfer
07/19/2024 16:55:16 | INFO      | ################################################################################
07/19/2024 16:55:16 | INFO      | app avviata
07/19/2024 16:55:16 | INFO      | [FileTransfer   ]: ********************************************************************************
07/19/2024 16:55:16 | INFO      | [FileTransfer   ]: creata un'istanza di FileTransfer
07/19/2024 16:55:23 | INFO      | [FileTransfer   ]: chiusura istanza di FileTransfer
07/19/2024 16:55:23 | INFO      | [FileTransfer   ]: ********************************************************************************
07/19/2024 16:55:23 | INFO      | app chiusa
07/19/2024 16:55:23 | INFO      | ################################################################################
07/19/2024 16:55:41 | INFO      | ################################################################################
07/19/2024 16:55:41 | INFO      | app avviata
07/19/2024 16:55:41 | INFO      | [FileTransfer   ]: ********************************************************************************
07/19/2024 16:55:41 | INFO      | [FileTransfer   ]: creata un'istanza di FileTransfer
07/19/2024 16:55:46 | INFO      | [FileTransfer   ]: chiusura istanza di FileTransfer
07/19/2024 16:55:46 | INFO      | [FileTransfer   ]: ********************************************************************************
07/19/2024 16:55:46 | INFO      | app chiusa
07/19/2024 16:55:46 | INFO      | ################################################################################
07/19/2024 16:55:57 | INFO      | ################################################################################
07/19/2024 16:55:57 | INFO      | app avviata
07/19/2024 16:55:57 | INFO      | [FileTransfer   ]: ********************************************************************************
07/19/2024 16:55:57 | INFO      | [FileTransfer   ]: creata un'istanza di FileTransfer
07/19/2024 16:56:00 | INFO      | [FileTransfer   ]: chiusura istanza di FileTransfer
07/19/2024 16:56:00 | INFO      | [FileTransfer   ]: ********************************************************************************
07/19/2024 16:56:00 | INFO      | app chiusa
07/19/2024 16:56:00 | INFO      | ################################################################################
07/19/2024 16:56:18 | INFO      | ################################################################################
07/19/2024 16:56:18 | INFO      | app avviata
07/19/2024 16:56:18 | INFO      | [FileTransfer   ]: ********************************************************************************
07/19/2024 16:56:18 | INFO      | [FileTransfer   ]: creata un'istanza di FileTransfer
07/19/2024 16:59:47 | INFO      | ################################################################################
07/19/2024 16:59:47 | INFO      | app avviata
07/19/2024 16:59:47 | INFO      | [FileTransfer   ]: ********************************************************************************
07/19/2024 16:59:47 | INFO      | [FileTransfer   ]: creata un'istanza di FileTransfer
07/19/2024 17:00:39 | INFO      | [FileTransfer   ]: chiusura istanza di FileTransfer
07/19/2024 17:00:39 | INFO      | [FileTransfer   ]: ********************************************************************************
07/19/2024 17:00:39 | INFO      | app chiusa
07/19/2024 17:00:39 | INFO      | ################################################################################
07/19/2024 17:00:41 | INFO      | ################################################################################
07/19/2024 17:00:41 | INFO      | app avviata
07/19/2024 17:00:41 | INFO      | [FileTransfer   ]: ********************************************************************************
07/19/2024 17:00:41 | INFO      | [FileTransfer   ]: creata un'istanza di FileTransfer
07/19/2024 20:38:24 | INFO      | ################################################################################
07/19/2024 20:38:24 | INFO      | app avviata
07/19/2024 20:38:24 | INFO      | [FileTransfer   ]: ********************************************************************************
07/19/2024 20:38:24 | INFO      | [FileTransfer   ]: creata un'istanza di FileTransfer
07/19/2024 20:41:24 | INFO      | ################################################################################
07/19/2024 20:41:24 | INFO      | app avviata
07/19/2024 20:41:24 | INFO      | [FileTransfer   ]: ********************************************************************************
07/19/2024 20:41:24 | INFO      | [FileTransfer   ]: creata un'istanza di FileTransfer
07/19/2024 20:41:50 | INFO      | ################################################################################
07/19/2024 20:41:50 | INFO      | app avviata
07/19/2024 20:41:50 | INFO      | [FileTransfer   ]: ********************************************************************************
07/19/2024 20:41:50 | INFO      | [FileTransfer   ]: creata un'istanza di FileTransfer
07/19/2024 20:42:22 | INFO      | ################################################################################
07/19/2024 20:42:22 | INFO      | app avviata
07/19/2024 20:42:22 | INFO      | [FileTransfer   ]: ********************************************************************************
07/19/2024 20:42:22 | INFO      | [FileTransfer   ]: creata un'istanza di FileTransfer
07/19/2024 20:57:39 | INFO      | ################################################################################
07/19/2024 20:57:39 | INFO      | app avviata
07/19/2024 20:57:39 | INFO      | [FileTransfer   ]: ********************************************************************************
07/19/2024 20:57:39 | INFO      | [FileTransfer   ]: creata un'istanza di FileTransfer
07/19/2024 20:58:02 | INFO      | ################################################################################
07/19/2024 20:58:02 | INFO      | app avviata
07/19/2024 20:58:02 | INFO      | [FileTransfer   ]: ********************************************************************************
07/19/2024 20:58:02 | INFO      | [FileTransfer   ]: creata un'istanza di FileTransfer
07/19/2024 20:58:35 | INFO      | ################################################################################
07/19/2024 20:58:35 | INFO      | app avviata
07/19/2024 20:58:35 | INFO      | [FileTransfer   ]: ********************************************************************************
07/19/2024 20:58:35 | INFO      | [FileTransfer   ]: creata un'istanza di FileTransfer
07/19/2024 22:53:48 | INFO      | ################################################################################
07/19/2024 22:53:48 | INFO      | app avviata
07/19/2024 22:53:48 | INFO      | [FileTransfer   ]: ********************************************************************************
07/19/2024 22:53:48 | INFO      | [FileTransfer   ]: creata un'istanza di FileTransfer
07/19/2024 22:54:14 | INFO      | [FileTransfer   ]: chiusura istanza di FileTransfer
07/19/2024 22:54:14 | INFO      | [FileTransfer   ]: ********************************************************************************
07/19/2024 22:54:14 | INFO      | app chiusa
07/19/2024 22:54:14 | INFO      | ################################################################################
07/19/2024 22:58:26 | INFO      | ################################################################################
07/19/2024 22:58:26 | INFO      | app avviata
07/19/2024 22:58:26 | INFO      | [FileTransfer   ]: ********************************************************************************
07/19/2024 22:58:26 | INFO      | [FileTransfer   ]: creata un'istanza di FileTransfer
07/19/2024 22:58:36 | INFO      | [FileTransfer   ]: chiusura istanza di FileTransfer
07/19/2024 22:58:36 | INFO      | [FileTransfer   ]: ********************************************************************************
07/19/2024 22:58:36 | INFO      | app chiusa
07/19/2024 22:58:36 | INFO      | ################################################################################
07/19/2024 22:59:13 | INFO      | ################################################################################
07/19/2024 22:59:13 | INFO      | app avviata
07/19/2024 22:59:13 | INFO      | [FileTransfer   ]: ********************************************************************************
07/19/2024 22:59:13 | INFO      | [FileTransfer   ]: creata un'istanza di FileTransfer
07/19/2024 23:03:02 | INFO      | ################################################################################
07/19/2024 23:03:02 | INFO      | app avviata
07/19/2024 23:03:02 | INFO      | [FileTransfer   ]: ********************************************************************************
07/19/2024 23:03:02 | INFO      | [FileTransfer   ]: creata un'istanza di FileTransfer
07/19/2024 23:03:33 | INFO      | ################################################################################
07/19/2024 23:03:33 | INFO      | app avviata
07/19/2024 23:03:33 | INFO      | [FileTransfer   ]: ********************************************************************************
07/19/2024 23:03:33 | INFO      | [FileTransfer   ]: creata un'istanza di FileTransfer
