07/16/2024 16:37:44 | INFO      | ################################################################################
07/16/2024 16:37:44 | INFO      | app avviata
07/16/2024 16:37:44 | ERROR     | errore nel file .ini - trace: 'logo_path'
07/16/2024 16:38:14 | INFO      | ################################################################################
07/16/2024 16:38:14 | INFO      | app avviata
07/16/2024 16:38:14 | ERROR     | errore nel file .ini - trace: 'colors'
07/16/2024 16:38:38 | INFO      | ################################################################################
07/16/2024 16:38:38 | INFO      | app avviata
07/16/2024 16:38:38 | INFO      | [FileTransfer   ]: ********************************************************************************
07/16/2024 16:38:38 | INFO      | [FileTransfer   ]: creata un'istanza di FileTransfer
07/16/2024 16:38:38 | ERROR     | caricamento front-end - errore in C:\My Documents\INFO\Python\Projects\File Transfer\FileTransfer\kv\Popups.kv - module 'Tools' has no attribute 'get_perc_font'
07/16/2024 16:43:06 | INFO      | ################################################################################
07/16/2024 16:43:06 | INFO      | app avviata
07/16/2024 16:43:06 | INFO      | [FileTransfer   ]: ********************************************************************************
07/16/2024 16:43:06 | INFO      | [FileTransfer   ]: creata un'istanza di FileTransfer
07/16/2024 16:43:06 | ERROR     | caricamento front-end - errore in C:\My Documents\INFO\Python\Projects\File Transfer\FileTransfer\kv\Popups.kv - module 'Tools' has no attribute 'get_perc_font'
07/16/2024 16:49:36 | INFO      | ################################################################################
07/16/2024 16:49:36 | INFO      | app avviata
07/16/2024 16:49:36 | INFO      | [FileTransfer   ]: ********************************************************************************
07/16/2024 16:49:36 | INFO      | [FileTransfer   ]: creata un'istanza di FileTransfer
07/16/2024 16:49:47 | INFO      | [FileTransfer   ]: chiusura istanza di FileTransfer
07/16/2024 16:49:47 | INFO      | [FileTransfer   ]: ********************************************************************************
07/16/2024 16:49:47 | INFO      | app chiusa
07/16/2024 16:49:47 | INFO      | ################################################################################
07/16/2024 16:50:58 | INFO      | ################################################################################
07/16/2024 16:50:58 | INFO      | app avviata
07/16/2024 16:50:58 | INFO      | [FileTransfer   ]: ********************************************************************************
07/16/2024 16:50:58 | INFO      | [FileTransfer   ]: creata un'istanza di FileTransfer
07/16/2024 16:51:00 | INFO      | [FileTransfer   ]: chiusura istanza di FileTransfer
07/16/2024 16:51:00 | INFO      | [FileTransfer   ]: ********************************************************************************
07/16/2024 16:51:00 | INFO      | app chiusa
07/16/2024 16:51:00 | INFO      | ################################################################################
07/16/2024 16:51:54 | INFO      | ################################################################################
07/16/2024 16:51:54 | INFO      | app avviata
07/16/2024 16:51:54 | INFO      | [FileTransfer   ]: ********************************************************************************
07/16/2024 16:51:54 | INFO      | [FileTransfer   ]: creata un'istanza di FileTransfer
07/16/2024 16:51:54 | INFO      | [FileTransfer   ]: chiusura istanza di FileTransfer
07/16/2024 16:51:54 | INFO      | [FileTransfer   ]: ********************************************************************************
07/16/2024 16:51:54 | INFO      | app chiusa
07/16/2024 16:51:54 | INFO      | ################################################################################
07/16/2024 16:52:19 | INFO      | ################################################################################
07/16/2024 16:52:19 | INFO      | app avviata
07/16/2024 16:52:19 | INFO      | [FileTransfer   ]: ********************************************************************************
07/16/2024 16:52:19 | INFO      | [FileTransfer   ]: creata un'istanza di FileTransfer
07/16/2024 16:52:20 | INFO      | [FileTransfer   ]: chiusura istanza di FileTransfer
07/16/2024 16:52:20 | INFO      | [FileTransfer   ]: ********************************************************************************
07/16/2024 16:52:20 | INFO      | app chiusa
07/16/2024 16:52:20 | INFO      | ################################################################################
07/16/2024 16:57:45 | INFO      | ################################################################################
07/16/2024 16:57:45 | INFO      | app avviata
07/16/2024 16:57:45 | INFO      | [FileTransfer   ]: ********************************************************************************
07/16/2024 16:57:45 | INFO      | [FileTransfer   ]: creata un'istanza di FileTransfer
07/16/2024 16:57:51 | INFO      | [FileTransfer   ]: chiusura istanza di FileTransfer
07/16/2024 16:57:51 | INFO      | [FileTransfer   ]: ********************************************************************************
07/16/2024 16:57:51 | INFO      | app chiusa
07/16/2024 16:57:51 | INFO      | ################################################################################
07/16/2024 16:58:24 | INFO      | ################################################################################
07/16/2024 16:58:24 | INFO      | app avviata
07/16/2024 16:58:24 | INFO      | [FileTransfer   ]: ********************************************************************************
07/16/2024 16:58:24 | INFO      | [FileTransfer   ]: creata un'istanza di FileTransfer
07/16/2024 16:58:25 | INFO      | [FileTransfer   ]: chiusura istanza di FileTransfer
07/16/2024 16:58:25 | INFO      | [FileTransfer   ]: ********************************************************************************
07/16/2024 16:58:25 | INFO      | app chiusa
07/16/2024 16:58:25 | INFO      | ################################################################################
07/16/2024 16:59:10 | INFO      | ################################################################################
07/16/2024 16:59:10 | INFO      | app avviata
07/16/2024 16:59:10 | INFO      | [FileTransfer   ]: ********************************************************************************
07/16/2024 16:59:10 | INFO      | [FileTransfer   ]: creata un'istanza di FileTransfer
07/16/2024 16:59:12 | INFO      | [FileTransfer   ]: chiusura istanza di FileTransfer
07/16/2024 16:59:12 | INFO      | [FileTransfer   ]: ********************************************************************************
07/16/2024 16:59:12 | INFO      | app chiusa
07/16/2024 16:59:12 | INFO      | ################################################################################
07/16/2024 17:01:50 | INFO      | ################################################################################
07/16/2024 17:01:50 | INFO      | app avviata
07/16/2024 17:01:50 | INFO      | [FileTransfer   ]: ********************************************************************************
07/16/2024 17:01:50 | INFO      | [FileTransfer   ]: creata un'istanza di FileTransfer
07/16/2024 17:09:21 | INFO      | ################################################################################
07/16/2024 17:09:21 | INFO      | app avviata
07/16/2024 17:09:21 | INFO      | [FileTransfer   ]: ********************************************************************************
07/16/2024 17:09:21 | INFO      | [FileTransfer   ]: creata un'istanza di FileTransfer
07/16/2024 17:09:54 | INFO      | ################################################################################
07/16/2024 17:09:54 | INFO      | app avviata
07/16/2024 17:09:54 | INFO      | [FileTransfer   ]: ********************************************************************************
07/16/2024 17:09:54 | INFO      | [FileTransfer   ]: creata un'istanza di FileTransfer
07/16/2024 17:11:21 | INFO      | ################################################################################
07/16/2024 17:11:21 | INFO      | app avviata
07/16/2024 17:11:21 | INFO      | [FileTransfer   ]: ********************************************************************************
07/16/2024 17:11:21 | INFO      | [FileTransfer   ]: creata un'istanza di FileTransfer
07/16/2024 17:14:23 | INFO      | ################################################################################
07/16/2024 17:14:23 | INFO      | app avviata
07/16/2024 17:14:23 | INFO      | [FileTransfer   ]: ********************************************************************************
07/16/2024 17:14:23 | INFO      | [FileTransfer   ]: creata un'istanza di FileTransfer
07/16/2024 17:14:52 | INFO      | ################################################################################
07/16/2024 17:14:52 | INFO      | app avviata
07/16/2024 17:14:52 | INFO      | [FileTransfer   ]: ********************************************************************************
07/16/2024 17:14:52 | INFO      | [FileTransfer   ]: creata un'istanza di FileTransfer
07/16/2024 17:15:49 | INFO      | ################################################################################
07/16/2024 17:15:49 | INFO      | app avviata
07/16/2024 17:15:49 | INFO      | [FileTransfer   ]: ********************************************************************************
07/16/2024 17:15:49 | INFO      | [FileTransfer   ]: creata un'istanza di FileTransfer
07/16/2024 17:17:34 | INFO      | ################################################################################
07/16/2024 17:17:34 | INFO      | app avviata
07/16/2024 17:17:34 | INFO      | [FileTransfer   ]: ********************************************************************************
07/16/2024 17:17:34 | INFO      | [FileTransfer   ]: creata un'istanza di FileTransfer
07/16/2024 17:18:28 | INFO      | ################################################################################
07/16/2024 17:18:28 | INFO      | app avviata
07/16/2024 17:18:28 | INFO      | [FileTransfer   ]: ********************************************************************************
07/16/2024 17:18:28 | INFO      | [FileTransfer   ]: creata un'istanza di FileTransfer
07/16/2024 17:18:31 | INFO      | [FileTransfer   ]: chiusura istanza di FileTransfer
07/16/2024 17:18:31 | INFO      | [FileTransfer   ]: ********************************************************************************
07/16/2024 17:18:31 | INFO      | app chiusa
07/16/2024 17:18:31 | INFO      | ################################################################################
07/16/2024 17:18:50 | INFO      | ################################################################################
07/16/2024 17:18:50 | INFO      | app avviata
07/16/2024 17:18:50 | INFO      | [FileTransfer   ]: ********************************************************************************
07/16/2024 17:18:50 | INFO      | [FileTransfer   ]: creata un'istanza di FileTransfer
07/16/2024 17:19:08 | INFO      | ################################################################################
07/16/2024 17:19:08 | INFO      | app avviata
07/16/2024 17:19:08 | INFO      | [FileTransfer   ]: ********************************************************************************
07/16/2024 17:19:08 | INFO      | [FileTransfer   ]: creata un'istanza di FileTransfer
07/16/2024 17:19:12 | INFO      | [FileTransfer   ]: chiusura istanza di FileTransfer
07/16/2024 17:19:12 | INFO      | [FileTransfer   ]: ********************************************************************************
07/16/2024 17:19:12 | INFO      | app chiusa
07/16/2024 17:19:12 | INFO      | ################################################################################
07/16/2024 17:21:53 | INFO      | ################################################################################
07/16/2024 17:21:53 | INFO      | app avviata
07/16/2024 17:21:53 | INFO      | [FileTransfer   ]: ********************************************************************************
07/16/2024 17:21:53 | INFO      | [FileTransfer   ]: creata un'istanza di FileTransfer
07/16/2024 17:22:40 | INFO      | ################################################################################
07/16/2024 17:22:40 | INFO      | app avviata
07/16/2024 17:22:40 | INFO      | [FileTransfer   ]: ********************************************************************************
07/16/2024 17:22:40 | INFO      | [FileTransfer   ]: creata un'istanza di FileTransfer
07/16/2024 17:30:10 | INFO      | ################################################################################
07/16/2024 17:30:10 | INFO      | app avviata
07/16/2024 17:30:10 | INFO      | [FileTransfer   ]: ********************************************************************************
07/16/2024 17:30:10 | INFO      | [FileTransfer   ]: creata un'istanza di FileTransfer
07/16/2024 17:30:17 | INFO      | [FileTransfer   ]: chiusura istanza di FileTransfer
07/16/2024 17:30:17 | INFO      | [FileTransfer   ]: ********************************************************************************
07/16/2024 17:30:17 | INFO      | app chiusa
07/16/2024 17:30:17 | INFO      | ################################################################################
07/16/2024 17:33:02 | INFO      | ################################################################################
07/16/2024 17:33:02 | INFO      | app avviata
07/16/2024 17:33:02 | INFO      | [FileTransfer   ]: ********************************************************************************
07/16/2024 17:33:02 | INFO      | [FileTransfer   ]: creata un'istanza di FileTransfer
07/16/2024 17:33:45 | INFO      | [FileTransfer   ]: chiusura istanza di FileTransfer
07/16/2024 17:33:45 | INFO      | [FileTransfer   ]: ********************************************************************************
07/16/2024 17:33:45 | INFO      | app chiusa
07/16/2024 17:33:45 | INFO      | ################################################################################
07/16/2024 17:33:47 | INFO      | ################################################################################
07/16/2024 17:33:47 | INFO      | app avviata
07/16/2024 17:33:47 | INFO      | [FileTransfer   ]: ********************************************************************************
07/16/2024 17:33:47 | INFO      | [FileTransfer   ]: creata un'istanza di FileTransfer
07/16/2024 17:33:48 | INFO      | [FileTransfer   ]: chiusura istanza di FileTransfer
07/16/2024 17:33:48 | INFO      | [FileTransfer   ]: ********************************************************************************
07/16/2024 17:33:48 | INFO      | app chiusa
07/16/2024 17:33:48 | INFO      | ################################################################################
07/16/2024 17:34:10 | INFO      | ################################################################################
07/16/2024 17:34:10 | INFO      | app avviata
07/16/2024 17:34:10 | INFO      | [FileTransfer   ]: ********************************************************************************
07/16/2024 17:34:10 | INFO      | [FileTransfer   ]: creata un'istanza di FileTransfer
07/16/2024 17:51:46 | INFO      | [FileTransfer   ]: chiusura istanza di FileTransfer
07/16/2024 17:51:46 | INFO      | [FileTransfer   ]: ********************************************************************************
07/16/2024 17:51:46 | INFO      | app chiusa
07/16/2024 17:51:46 | INFO      | ################################################################################
07/16/2024 17:51:49 | INFO      | ################################################################################
07/16/2024 17:51:49 | INFO      | app avviata
07/16/2024 17:51:49 | INFO      | [FileTransfer   ]: ********************************************************************************
07/16/2024 17:51:49 | INFO      | [FileTransfer   ]: creata un'istanza di FileTransfer
07/16/2024 17:51:55 | INFO      | [FileTransfer   ]: chiusura istanza di FileTransfer
07/16/2024 17:51:55 | INFO      | [FileTransfer   ]: ********************************************************************************
07/16/2024 17:51:55 | INFO      | app chiusa
07/16/2024 17:51:55 | INFO      | ################################################################################
07/16/2024 17:54:24 | INFO      | ################################################################################
07/16/2024 17:54:24 | INFO      | app avviata
07/16/2024 17:54:24 | INFO      | [FileTransfer   ]: ********************************************************************************
07/16/2024 17:54:24 | INFO      | [FileTransfer   ]: creata un'istanza di FileTransfer
07/16/2024 17:54:58 | INFO      | [FileTransfer   ]: chiusura istanza di FileTransfer
07/16/2024 17:54:58 | INFO      | [FileTransfer   ]: ********************************************************************************
07/16/2024 17:54:58 | INFO      | app chiusa
07/16/2024 17:54:58 | INFO      | ################################################################################
07/16/2024 17:55:02 | INFO      | ################################################################################
07/16/2024 17:55:02 | INFO      | app avviata
07/16/2024 17:55:02 | INFO      | [FileTransfer   ]: ********************************************************************************
07/16/2024 17:55:02 | INFO      | [FileTransfer   ]: creata un'istanza di FileTransfer
07/16/2024 17:55:54 | INFO      | [FileTransfer   ]: chiusura istanza di FileTransfer
07/16/2024 17:55:54 | INFO      | [FileTransfer   ]: ********************************************************************************
07/16/2024 17:55:54 | INFO      | app chiusa
07/16/2024 17:55:54 | INFO      | ################################################################################
07/16/2024 17:55:58 | INFO      | ################################################################################
07/16/2024 17:55:58 | INFO      | app avviata
07/16/2024 17:55:58 | INFO      | [FileTransfer   ]: ********************************************************************************
07/16/2024 17:55:58 | INFO      | [FileTransfer   ]: creata un'istanza di FileTransfer
07/16/2024 17:58:17 | INFO      | [FileTransfer   ]: chiusura istanza di FileTransfer
07/16/2024 17:58:17 | INFO      | [FileTransfer   ]: ********************************************************************************
07/16/2024 17:58:17 | INFO      | app chiusa
07/16/2024 17:58:17 | INFO      | ################################################################################
07/16/2024 17:58:20 | INFO      | ################################################################################
07/16/2024 17:58:20 | INFO      | app avviata
07/16/2024 17:58:20 | INFO      | [FileTransfer   ]: ********************************************************************************
07/16/2024 17:58:20 | INFO      | [FileTransfer   ]: creata un'istanza di FileTransfer
07/16/2024 17:58:29 | INFO      | [FileTransfer   ]: chiusura istanza di FileTransfer
07/16/2024 17:58:29 | INFO      | [FileTransfer   ]: ********************************************************************************
07/16/2024 17:58:29 | INFO      | app chiusa
07/16/2024 17:58:29 | INFO      | ################################################################################
07/16/2024 17:58:31 | INFO      | ################################################################################
07/16/2024 17:58:31 | INFO      | app avviata
07/16/2024 17:58:31 | INFO      | [FileTransfer   ]: ********************************************************************************
07/16/2024 17:58:31 | INFO      | [FileTransfer   ]: creata un'istanza di FileTransfer
07/16/2024 18:00:25 | INFO      | [FileTransfer   ]: chiusura istanza di FileTransfer
07/16/2024 18:00:25 | INFO      | [FileTransfer   ]: ********************************************************************************
07/16/2024 18:00:25 | INFO      | app chiusa
07/16/2024 18:00:25 | INFO      | ################################################################################
07/16/2024 18:04:34 | INFO      | ################################################################################
07/16/2024 18:04:34 | INFO      | app avviata
07/16/2024 18:04:34 | INFO      | [FileTransfer   ]: ********************************************************************************
07/16/2024 18:04:34 | INFO      | [FileTransfer   ]: creata un'istanza di FileTransfer
07/16/2024 18:04:36 | INFO      | [FileTransfer   ]: chiusura istanza di FileTransfer
07/16/2024 18:04:36 | INFO      | [FileTransfer   ]: ********************************************************************************
07/16/2024 18:04:36 | INFO      | app chiusa
07/16/2024 18:04:36 | INFO      | ################################################################################
07/16/2024 18:05:06 | INFO      | ################################################################################
07/16/2024 18:05:06 | INFO      | app avviata
07/16/2024 18:05:06 | INFO      | [FileTransfer   ]: ********************************************************************************
07/16/2024 18:05:06 | INFO      | [FileTransfer   ]: creata un'istanza di FileTransfer
07/16/2024 18:05:08 | INFO      | [FileTransfer   ]: chiusura istanza di FileTransfer
07/16/2024 18:05:08 | INFO      | [FileTransfer   ]: ********************************************************************************
07/16/2024 18:05:08 | INFO      | app chiusa
07/16/2024 18:05:08 | INFO      | ################################################################################
07/16/2024 18:06:01 | INFO      | ################################################################################
07/16/2024 18:06:01 | INFO      | app avviata
07/16/2024 18:06:01 | INFO      | [FileTransfer   ]: ********************************************************************************
07/16/2024 18:06:01 | INFO      | [FileTransfer   ]: creata un'istanza di FileTransfer
07/16/2024 18:06:05 | INFO      | [FileTransfer   ]: chiusura istanza di FileTransfer
07/16/2024 18:06:05 | INFO      | [FileTransfer   ]: ********************************************************************************
07/16/2024 18:06:05 | INFO      | app chiusa
07/16/2024 18:06:05 | INFO      | ################################################################################
07/16/2024 18:07:57 | INFO      | ################################################################################
07/16/2024 18:07:57 | INFO      | app avviata
07/16/2024 18:07:57 | INFO      | [FileTransfer   ]: ********************************************************************************
07/16/2024 18:07:57 | INFO      | [FileTransfer   ]: creata un'istanza di FileTransfer
07/16/2024 18:07:58 | INFO      | [FileTransfer   ]: chiusura istanza di FileTransfer
07/16/2024 18:07:58 | INFO      | [FileTransfer   ]: ********************************************************************************
07/16/2024 18:07:58 | INFO      | app chiusa
07/16/2024 18:07:58 | INFO      | ################################################################################
07/16/2024 18:08:40 | INFO      | ################################################################################
07/16/2024 18:08:40 | INFO      | app avviata
07/16/2024 18:08:40 | INFO      | [FileTransfer   ]: ********************************************************************************
07/16/2024 18:08:40 | INFO      | [FileTransfer   ]: creata un'istanza di FileTransfer
07/16/2024 18:08:41 | INFO      | [FileTransfer   ]: chiusura istanza di FileTransfer
07/16/2024 18:08:41 | INFO      | [FileTransfer   ]: ********************************************************************************
07/16/2024 18:08:41 | INFO      | app chiusa
07/16/2024 18:08:41 | INFO      | ################################################################################
07/16/2024 18:08:55 | INFO      | ################################################################################
07/16/2024 18:08:55 | INFO      | app avviata
07/16/2024 18:08:55 | INFO      | [FileTransfer   ]: ********************************************************************************
07/16/2024 18:08:55 | INFO      | [FileTransfer   ]: creata un'istanza di FileTransfer
07/16/2024 18:09:29 | INFO      | [FileTransfer   ]: chiusura istanza di FileTransfer
07/16/2024 18:09:29 | INFO      | [FileTransfer   ]: ********************************************************************************
07/16/2024 18:09:29 | INFO      | app chiusa
07/16/2024 18:09:29 | INFO      | ################################################################################
07/16/2024 18:09:31 | INFO      | ################################################################################
07/16/2024 18:09:31 | INFO      | app avviata
07/16/2024 18:09:31 | INFO      | [FileTransfer   ]: ********************************************************************************
07/16/2024 18:09:31 | INFO      | [FileTransfer   ]: creata un'istanza di FileTransfer
07/16/2024 18:09:32 | INFO      | [FileTransfer   ]: chiusura istanza di FileTransfer
07/16/2024 18:09:32 | INFO      | [FileTransfer   ]: ********************************************************************************
07/16/2024 18:09:32 | INFO      | app chiusa
07/16/2024 18:09:32 | INFO      | ################################################################################
07/16/2024 18:09:38 | INFO      | ################################################################################
07/16/2024 18:09:38 | INFO      | app avviata
07/16/2024 18:09:38 | INFO      | [FileTransfer   ]: ********************************************************************************
07/16/2024 18:09:38 | INFO      | [FileTransfer   ]: creata un'istanza di FileTransfer
07/16/2024 18:09:39 | INFO      | [FileTransfer   ]: chiusura istanza di FileTransfer
07/16/2024 18:09:39 | INFO      | [FileTransfer   ]: ********************************************************************************
07/16/2024 18:09:39 | INFO      | app chiusa
07/16/2024 18:09:39 | INFO      | ################################################################################
07/16/2024 18:09:52 | INFO      | ################################################################################
07/16/2024 18:09:52 | INFO      | app avviata
07/16/2024 18:09:52 | INFO      | [FileTransfer   ]: ********************************************************************************
07/16/2024 18:09:52 | INFO      | [FileTransfer   ]: creata un'istanza di FileTransfer
07/16/2024 18:09:53 | INFO      | [FileTransfer   ]: chiusura istanza di FileTransfer
07/16/2024 18:09:53 | INFO      | [FileTransfer   ]: ********************************************************************************
07/16/2024 18:09:53 | INFO      | app chiusa
07/16/2024 18:09:53 | INFO      | ################################################################################
07/16/2024 18:58:37 | INFO      | ################################################################################
07/16/2024 18:58:37 | INFO      | app avviata
07/16/2024 18:58:37 | INFO      | [FileTransfer   ]: ********************************************************************************
07/16/2024 18:58:37 | INFO      | [FileTransfer   ]: creata un'istanza di FileTransfer
07/16/2024 18:59:10 | INFO      | [FileTransfer   ]: chiusura istanza di FileTransfer
07/16/2024 18:59:10 | INFO      | [FileTransfer   ]: ********************************************************************************
07/16/2024 18:59:10 | INFO      | app chiusa
07/16/2024 18:59:10 | INFO      | ################################################################################
07/16/2024 18:59:14 | INFO      | ################################################################################
07/16/2024 18:59:14 | INFO      | app avviata
07/16/2024 18:59:14 | INFO      | [FileTransfer   ]: ********************************************************************************
07/16/2024 18:59:14 | INFO      | [FileTransfer   ]: creata un'istanza di FileTransfer
07/16/2024 18:59:17 | INFO      | [FileTransfer   ]: chiusura istanza di FileTransfer
07/16/2024 18:59:17 | INFO      | [FileTransfer   ]: ********************************************************************************
07/16/2024 18:59:17 | INFO      | app chiusa
07/16/2024 18:59:17 | INFO      | ################################################################################
07/16/2024 19:00:12 | INFO      | ################################################################################
07/16/2024 19:00:12 | INFO      | app avviata
07/16/2024 19:00:12 | INFO      | [FileTransfer   ]: ********************************************************************************
07/16/2024 19:00:12 | INFO      | [FileTransfer   ]: creata un'istanza di FileTransfer
07/16/2024 19:00:52 | INFO      | [FileTransfer   ]: chiusura istanza di FileTransfer
07/16/2024 19:00:52 | INFO      | [FileTransfer   ]: ********************************************************************************
07/16/2024 19:00:52 | INFO      | app chiusa
07/16/2024 19:00:52 | INFO      | ################################################################################
07/16/2024 19:00:53 | INFO      | ################################################################################
07/16/2024 19:00:53 | INFO      | app avviata
07/16/2024 19:00:53 | INFO      | [FileTransfer   ]: ********************************************************************************
07/16/2024 19:00:53 | INFO      | [FileTransfer   ]: creata un'istanza di FileTransfer
07/16/2024 19:00:55 | INFO      | [FileTransfer   ]: chiusura istanza di FileTransfer
07/16/2024 19:00:55 | INFO      | [FileTransfer   ]: ********************************************************************************
07/16/2024 19:00:55 | INFO      | app chiusa
07/16/2024 19:00:55 | INFO      | ################################################################################
07/16/2024 19:01:20 | INFO      | ################################################################################
07/16/2024 19:01:20 | INFO      | app avviata
07/16/2024 19:01:20 | INFO      | [FileTransfer   ]: ********************************************************************************
07/16/2024 19:01:20 | INFO      | [FileTransfer   ]: creata un'istanza di FileTransfer
07/16/2024 19:02:11 | INFO      | ################################################################################
07/16/2024 19:02:11 | INFO      | app avviata
07/16/2024 19:02:11 | INFO      | [FileTransfer   ]: ********************************************************************************
07/16/2024 19:02:11 | INFO      | [FileTransfer   ]: creata un'istanza di FileTransfer
07/16/2024 19:02:20 | INFO      | [FileTransfer   ]: chiusura istanza di FileTransfer
07/16/2024 19:02:20 | INFO      | [FileTransfer   ]: ********************************************************************************
07/16/2024 19:02:20 | INFO      | app chiusa
07/16/2024 19:02:20 | INFO      | ################################################################################
07/16/2024 19:09:21 | INFO      | ################################################################################
07/16/2024 19:09:21 | INFO      | app avviata
07/16/2024 19:09:21 | INFO      | [FileTransfer   ]: ********************************************************************************
07/16/2024 19:09:21 | INFO      | [FileTransfer   ]: creata un'istanza di FileTransfer
07/16/2024 19:12:07 | INFO      | ################################################################################
07/16/2024 19:12:07 | INFO      | app avviata
07/16/2024 19:12:07 | INFO      | [FileTransfer   ]: ********************************************************************************
07/16/2024 19:12:07 | INFO      | [FileTransfer   ]: creata un'istanza di FileTransfer
07/16/2024 19:13:04 | INFO      | ################################################################################
07/16/2024 19:13:04 | INFO      | app avviata
07/16/2024 19:13:04 | INFO      | [FileTransfer   ]: ********************************************************************************
07/16/2024 19:13:04 | INFO      | [FileTransfer   ]: creata un'istanza di FileTransfer
07/16/2024 19:13:46 | INFO      | ################################################################################
07/16/2024 19:13:46 | INFO      | app avviata
07/16/2024 19:13:46 | INFO      | [FileTransfer   ]: ********************************************************************************
07/16/2024 19:13:46 | INFO      | [FileTransfer   ]: creata un'istanza di FileTransfer
07/16/2024 19:15:55 | INFO      | ################################################################################
07/16/2024 19:15:55 | INFO      | app avviata
07/16/2024 19:15:55 | INFO      | [FileTransfer   ]: ********************************************************************************
07/16/2024 19:15:55 | INFO      | [FileTransfer   ]: creata un'istanza di FileTransfer
07/16/2024 19:16:08 | INFO      | ################################################################################
07/16/2024 19:16:08 | INFO      | app avviata
07/16/2024 19:16:08 | INFO      | [FileTransfer   ]: ********************************************************************************
07/16/2024 19:16:08 | INFO      | [FileTransfer   ]: creata un'istanza di FileTransfer
07/16/2024 19:16:21 | INFO      | [FileTransfer   ]: chiusura istanza di FileTransfer
07/16/2024 19:16:21 | INFO      | [FileTransfer   ]: ********************************************************************************
07/16/2024 19:16:21 | INFO      | app chiusa
07/16/2024 19:16:21 | INFO      | ################################################################################
07/16/2024 19:16:27 | INFO      | ################################################################################
07/16/2024 19:16:27 | INFO      | app avviata
07/16/2024 19:16:27 | INFO      | [FileTransfer   ]: ********************************************************************************
07/16/2024 19:16:27 | INFO      | [FileTransfer   ]: creata un'istanza di FileTransfer
07/16/2024 19:19:12 | INFO      | ################################################################################
07/16/2024 19:19:12 | INFO      | app avviata
07/16/2024 19:19:12 | INFO      | [FileTransfer   ]: ********************************************************************************
07/16/2024 19:19:12 | INFO      | [FileTransfer   ]: creata un'istanza di FileTransfer
07/16/2024 19:19:21 | INFO      | [FileTransfer   ]: chiusura istanza di FileTransfer
07/16/2024 19:19:21 | INFO      | [FileTransfer   ]: ********************************************************************************
07/16/2024 19:19:21 | INFO      | app chiusa
07/16/2024 19:19:21 | INFO      | ################################################################################
07/16/2024 19:19:31 | INFO      | ################################################################################
07/16/2024 19:19:31 | INFO      | app avviata
07/16/2024 19:19:31 | INFO      | [FileTransfer   ]: ********************************************************************************
07/16/2024 19:19:31 | INFO      | [FileTransfer   ]: creata un'istanza di FileTransfer
07/16/2024 19:23:18 | INFO      | ################################################################################
07/16/2024 19:23:18 | INFO      | app avviata
07/16/2024 19:23:18 | INFO      | [FileTransfer   ]: ********************************************************************************
07/16/2024 19:23:18 | INFO      | [FileTransfer   ]: creata un'istanza di FileTransfer
07/16/2024 19:28:27 | INFO      | ################################################################################
07/16/2024 19:28:27 | INFO      | app avviata
07/16/2024 19:28:27 | INFO      | [FileTransfer   ]: ********************************************************************************
07/16/2024 19:28:27 | INFO      | [FileTransfer   ]: creata un'istanza di FileTransfer
07/16/2024 19:28:30 | INFO      | [FileTransfer   ]: chiusura istanza di FileTransfer
07/16/2024 19:28:30 | INFO      | [FileTransfer   ]: ********************************************************************************
07/16/2024 19:28:30 | INFO      | app chiusa
07/16/2024 19:28:30 | INFO      | ################################################################################
07/16/2024 19:28:46 | INFO      | ################################################################################
07/16/2024 19:28:46 | INFO      | app avviata
07/16/2024 19:28:46 | INFO      | [FileTransfer   ]: ********************************************************************************
07/16/2024 19:28:46 | INFO      | [FileTransfer   ]: creata un'istanza di FileTransfer
07/16/2024 19:29:17 | INFO      | ################################################################################
07/16/2024 19:29:17 | INFO      | app avviata
07/16/2024 19:29:17 | INFO      | [FileTransfer   ]: ********************************************************************************
07/16/2024 19:29:17 | INFO      | [FileTransfer   ]: creata un'istanza di FileTransfer
07/16/2024 19:29:29 | INFO      | ################################################################################
07/16/2024 19:29:29 | INFO      | app avviata
07/16/2024 19:29:29 | INFO      | [FileTransfer   ]: ********************************************************************************
07/16/2024 19:29:29 | INFO      | [FileTransfer   ]: creata un'istanza di FileTransfer
07/16/2024 19:29:43 | INFO      | ################################################################################
07/16/2024 19:29:43 | INFO      | app avviata
07/16/2024 19:29:43 | INFO      | [FileTransfer   ]: ********************************************************************************
07/16/2024 19:29:43 | INFO      | [FileTransfer   ]: creata un'istanza di FileTransfer
07/16/2024 19:30:07 | INFO      | ################################################################################
07/16/2024 19:30:07 | INFO      | app avviata
07/16/2024 19:30:07 | INFO      | [FileTransfer   ]: ********************************************************************************
07/16/2024 19:30:07 | INFO      | [FileTransfer   ]: creata un'istanza di FileTransfer
07/16/2024 19:30:13 | INFO      | ################################################################################
07/16/2024 19:30:13 | INFO      | app avviata
07/16/2024 19:30:13 | INFO      | [FileTransfer   ]: ********************************************************************************
07/16/2024 19:30:13 | INFO      | [FileTransfer   ]: creata un'istanza di FileTransfer
07/16/2024 19:30:43 | INFO      | ################################################################################
07/16/2024 19:30:43 | INFO      | app avviata
07/16/2024 19:30:43 | INFO      | [FileTransfer   ]: ********************************************************************************
07/16/2024 19:30:43 | INFO      | [FileTransfer   ]: creata un'istanza di FileTransfer
07/16/2024 19:30:54 | INFO      | ################################################################################
07/16/2024 19:30:54 | INFO      | app avviata
07/16/2024 19:30:54 | INFO      | [FileTransfer   ]: ********************************************************************************
07/16/2024 19:30:54 | INFO      | [FileTransfer   ]: creata un'istanza di FileTransfer
07/16/2024 19:31:07 | INFO      | ################################################################################
07/16/2024 19:31:07 | INFO      | app avviata
07/16/2024 19:31:07 | INFO      | [FileTransfer   ]: ********************************************************************************
07/16/2024 19:31:07 | INFO      | [FileTransfer   ]: creata un'istanza di FileTransfer
07/16/2024 19:34:54 | INFO      | ################################################################################
07/16/2024 19:34:54 | INFO      | app avviata
07/16/2024 19:34:54 | INFO      | [FileTransfer   ]: ********************************************************************************
07/16/2024 19:34:54 | INFO      | [FileTransfer   ]: creata un'istanza di FileTransfer
07/16/2024 19:35:23 | INFO      | ################################################################################
07/16/2024 19:35:23 | INFO      | app avviata
07/16/2024 19:35:23 | INFO      | [FileTransfer   ]: ********************************************************************************
07/16/2024 19:35:23 | INFO      | [FileTransfer   ]: creata un'istanza di FileTransfer
07/16/2024 19:35:34 | INFO      | ################################################################################
07/16/2024 19:35:34 | INFO      | app avviata
07/16/2024 19:35:34 | INFO      | [FileTransfer   ]: ********************************************************************************
07/16/2024 19:35:34 | INFO      | [FileTransfer   ]: creata un'istanza di FileTransfer
07/16/2024 19:35:52 | INFO      | ################################################################################
07/16/2024 19:35:52 | INFO      | app avviata
07/16/2024 19:35:52 | INFO      | [FileTransfer   ]: ********************************************************************************
07/16/2024 19:35:52 | INFO      | [FileTransfer   ]: creata un'istanza di FileTransfer
07/16/2024 19:35:55 | INFO      | [FileTransfer   ]: chiusura istanza di FileTransfer
07/16/2024 19:35:55 | INFO      | [FileTransfer   ]: ********************************************************************************
07/16/2024 19:35:55 | INFO      | app chiusa
07/16/2024 19:35:55 | INFO      | ################################################################################
07/16/2024 19:36:02 | INFO      | ################################################################################
07/16/2024 19:36:02 | INFO      | app avviata
07/16/2024 19:36:02 | INFO      | [FileTransfer   ]: ********************************************************************************
07/16/2024 19:36:02 | INFO      | [FileTransfer   ]: creata un'istanza di FileTransfer
07/16/2024 19:36:04 | INFO      | [FileTransfer   ]: chiusura istanza di FileTransfer
07/16/2024 19:36:04 | INFO      | [FileTransfer   ]: ********************************************************************************
07/16/2024 19:36:04 | INFO      | app chiusa
07/16/2024 19:36:04 | INFO      | ################################################################################
07/16/2024 19:36:10 | INFO      | ################################################################################
07/16/2024 19:36:10 | INFO      | app avviata
07/16/2024 19:36:10 | INFO      | [FileTransfer   ]: ********************************************************************************
07/16/2024 19:36:10 | INFO      | [FileTransfer   ]: creata un'istanza di FileTransfer
07/16/2024 19:36:22 | INFO      | ################################################################################
07/16/2024 19:36:22 | INFO      | app avviata
07/16/2024 19:36:22 | INFO      | [FileTransfer   ]: ********************************************************************************
07/16/2024 19:36:23 | INFO      | [FileTransfer   ]: creata un'istanza di FileTransfer
07/16/2024 19:36:34 | INFO      | ################################################################################
07/16/2024 19:36:34 | INFO      | app avviata
07/16/2024 19:36:34 | INFO      | [FileTransfer   ]: ********************************************************************************
07/16/2024 19:36:34 | INFO      | [FileTransfer   ]: creata un'istanza di FileTransfer
07/16/2024 19:36:49 | INFO      | ################################################################################
07/16/2024 19:36:49 | INFO      | app avviata
07/16/2024 19:36:49 | INFO      | [FileTransfer   ]: ********************************************************************************
07/16/2024 19:36:49 | INFO      | [FileTransfer   ]: creata un'istanza di FileTransfer
07/16/2024 19:36:55 | INFO      | [FileTransfer   ]: chiusura istanza di FileTransfer
07/16/2024 19:36:55 | INFO      | [FileTransfer   ]: ********************************************************************************
07/16/2024 19:36:55 | INFO      | app chiusa
07/16/2024 19:36:55 | INFO      | ################################################################################
07/16/2024 19:37:18 | INFO      | ################################################################################
07/16/2024 19:37:18 | INFO      | app avviata
07/16/2024 19:37:18 | INFO      | [FileTransfer   ]: ********************************************************************************
07/16/2024 19:37:18 | INFO      | [FileTransfer   ]: creata un'istanza di FileTransfer
07/16/2024 19:37:20 | INFO      | ################################################################################
07/16/2024 19:37:20 | INFO      | app avviata
07/16/2024 19:37:20 | INFO      | [FileTransfer   ]: ********************************************************************************
07/16/2024 19:37:20 | INFO      | [FileTransfer   ]: creata un'istanza di FileTransfer
07/16/2024 19:37:34 | INFO      | ################################################################################
07/16/2024 19:37:34 | INFO      | app avviata
07/16/2024 19:37:34 | INFO      | [FileTransfer   ]: ********************************************************************************
07/16/2024 19:37:34 | INFO      | [FileTransfer   ]: creata un'istanza di FileTransfer
07/16/2024 19:37:40 | INFO      | ################################################################################
07/16/2024 19:37:40 | INFO      | app avviata
07/16/2024 19:37:40 | INFO      | [FileTransfer   ]: ********************************************************************************
07/16/2024 19:37:40 | INFO      | [FileTransfer   ]: creata un'istanza di FileTransfer
07/16/2024 19:37:43 | INFO      | ################################################################################
07/16/2024 19:37:43 | INFO      | app avviata
07/16/2024 19:37:43 | INFO      | [FileTransfer   ]: ********************************************************************************
07/16/2024 19:37:43 | INFO      | [FileTransfer   ]: creata un'istanza di FileTransfer
07/16/2024 19:37:46 | INFO      | ################################################################################
07/16/2024 19:37:46 | INFO      | app avviata
07/16/2024 19:37:46 | INFO      | [FileTransfer   ]: ********************************************************************************
07/16/2024 19:37:46 | INFO      | [FileTransfer   ]: creata un'istanza di FileTransfer
07/16/2024 19:37:58 | INFO      | ################################################################################
07/16/2024 19:37:58 | INFO      | app avviata
07/16/2024 19:37:58 | INFO      | [FileTransfer   ]: ********************************************************************************
07/16/2024 19:37:58 | INFO      | [FileTransfer   ]: creata un'istanza di FileTransfer
07/16/2024 19:38:01 | INFO      | [FileTransfer   ]: chiusura istanza di FileTransfer
07/16/2024 19:38:01 | INFO      | [FileTransfer   ]: ********************************************************************************
07/16/2024 19:38:01 | INFO      | app chiusa
07/16/2024 19:38:01 | INFO      | ################################################################################
07/16/2024 19:38:09 | INFO      | ################################################################################
07/16/2024 19:38:09 | INFO      | app avviata
07/16/2024 19:38:09 | INFO      | [FileTransfer   ]: ********************************************************************************
07/16/2024 19:38:09 | INFO      | [FileTransfer   ]: creata un'istanza di FileTransfer
07/16/2024 21:22:35 | INFO      | ################################################################################
07/16/2024 21:22:35 | INFO      | app avviata
07/16/2024 21:22:35 | INFO      | [FileTransfer   ]: ********************************************************************************
07/16/2024 21:22:35 | INFO      | [FileTransfer   ]: creata un'istanza di FileTransfer
07/16/2024 21:22:49 | INFO      | [FileTransfer   ]: chiusura istanza di FileTransfer
07/16/2024 21:22:49 | INFO      | [FileTransfer   ]: ********************************************************************************
07/16/2024 21:22:49 | INFO      | app chiusa
07/16/2024 21:22:49 | INFO      | ################################################################################
07/16/2024 21:24:03 | INFO      | ################################################################################
07/16/2024 21:24:03 | INFO      | app avviata
07/16/2024 21:24:03 | INFO      | [FileTransfer   ]: ********************************************************************************
07/16/2024 21:24:03 | INFO      | [FileTransfer   ]: creata un'istanza di FileTransfer
07/16/2024 21:24:06 | INFO      | [FileTransfer   ]: chiusura istanza di FileTransfer
07/16/2024 21:24:06 | INFO      | [FileTransfer   ]: ********************************************************************************
07/16/2024 21:24:06 | INFO      | app chiusa
07/16/2024 21:24:06 | INFO      | ################################################################################
07/16/2024 21:24:20 | INFO      | ################################################################################
07/16/2024 21:24:20 | INFO      | app avviata
07/16/2024 21:24:20 | INFO      | [FileTransfer   ]: ********************************************************************************
07/16/2024 21:24:20 | INFO      | [FileTransfer   ]: creata un'istanza di FileTransfer
07/16/2024 21:25:27 | INFO      | [FileTransfer   ]: chiusura istanza di FileTransfer
07/16/2024 21:25:27 | INFO      | [FileTransfer   ]: ********************************************************************************
07/16/2024 21:25:27 | INFO      | app chiusa
07/16/2024 21:25:27 | INFO      | ################################################################################
07/16/2024 21:25:29 | INFO      | ################################################################################
07/16/2024 21:25:29 | INFO      | app avviata
07/16/2024 21:25:29 | INFO      | [FileTransfer   ]: ********************************************************************************
07/16/2024 21:25:29 | INFO      | [FileTransfer   ]: creata un'istanza di FileTransfer
07/16/2024 21:26:24 | INFO      | ################################################################################
07/16/2024 21:26:24 | INFO      | app avviata
07/16/2024 21:26:24 | INFO      | [FileTransfer   ]: ********************************************************************************
07/16/2024 21:26:24 | INFO      | [FileTransfer   ]: creata un'istanza di FileTransfer
07/16/2024 21:35:44 | INFO      | ################################################################################
07/16/2024 21:35:44 | INFO      | app avviata
07/16/2024 21:35:44 | INFO      | [FileTransfer   ]: ********************************************************************************
07/16/2024 21:35:44 | INFO      | [FileTransfer   ]: creata un'istanza di FileTransfer
07/16/2024 21:36:21 | INFO      | ################################################################################
07/16/2024 21:36:21 | INFO      | app avviata
07/16/2024 21:36:21 | INFO      | [FileTransfer   ]: ********************************************************************************
07/16/2024 21:36:21 | INFO      | [FileTransfer   ]: creata un'istanza di FileTransfer
07/16/2024 21:36:23 | INFO      | [FileTransfer   ]: chiusura istanza di FileTransfer
07/16/2024 21:36:23 | INFO      | [FileTransfer   ]: ********************************************************************************
07/16/2024 21:36:23 | INFO      | app chiusa
07/16/2024 21:36:23 | INFO      | ################################################################################
07/16/2024 21:36:29 | INFO      | ################################################################################
07/16/2024 21:36:29 | INFO      | app avviata
07/16/2024 21:36:29 | INFO      | [FileTransfer   ]: ********************************************************************************
07/16/2024 21:36:29 | INFO      | [FileTransfer   ]: creata un'istanza di FileTransfer
07/16/2024 21:36:31 | INFO      | [FileTransfer   ]: chiusura istanza di FileTransfer
07/16/2024 21:36:31 | INFO      | [FileTransfer   ]: ********************************************************************************
07/16/2024 21:36:31 | INFO      | app chiusa
07/16/2024 21:36:31 | INFO      | ################################################################################
07/16/2024 21:36:43 | INFO      | ################################################################################
07/16/2024 21:36:43 | INFO      | app avviata
07/16/2024 21:36:43 | INFO      | [FileTransfer   ]: ********************************************************************************
07/16/2024 21:36:43 | INFO      | [FileTransfer   ]: creata un'istanza di FileTransfer
07/16/2024 21:38:12 | INFO      | ################################################################################
07/16/2024 21:38:12 | INFO      | app avviata
07/16/2024 21:38:12 | INFO      | [FileTransfer   ]: ********************************************************************************
07/16/2024 21:38:12 | INFO      | [FileTransfer   ]: creata un'istanza di FileTransfer
07/16/2024 22:32:52 | INFO      | ################################################################################
07/16/2024 22:32:52 | INFO      | app avviata
07/16/2024 22:32:52 | INFO      | [FileTransfer   ]: ********************************************************************************
07/16/2024 22:32:52 | INFO      | [FileTransfer   ]: creata un'istanza di FileTransfer
