07/21/2024 14:33:21 | INFO      | ################################################################################
07/21/2024 14:33:21 | INFO      | app avviata
07/21/2024 14:33:21 | INFO      | [FileTransfer   ]: ********************************************************************************
07/21/2024 14:33:21 | INFO      | [FileTransfer   ]: creata un'istanza di FileTransfer
07/21/2024 15:04:58 | INFO      | ################################################################################
07/21/2024 15:04:58 | INFO      | app avviata
07/21/2024 15:04:58 | INFO      | [FileTransfer   ]: ********************************************************************************
07/21/2024 15:04:58 | INFO      | [FileTransfer   ]: creata un'istanza di FileTransfer
07/21/2024 15:05:52 | INFO      | ################################################################################
07/21/2024 15:05:52 | INFO      | app avviata
07/21/2024 15:05:52 | INFO      | [FileTransfer   ]: ********************************************************************************
07/21/2024 15:05:52 | INFO      | [FileTransfer   ]: creata un'istanza di FileTransfer
07/21/2024 15:07:56 | INFO      | ################################################################################
07/21/2024 15:07:56 | INFO      | app avviata
07/21/2024 15:07:56 | INFO      | [FileTransfer   ]: ********************************************************************************
07/21/2024 15:07:56 | INFO      | [FileTransfer   ]: creata un'istanza di FileTransfer
07/21/2024 15:08:31 | INFO      | ################################################################################
07/21/2024 15:08:31 | INFO      | app avviata
07/21/2024 15:08:31 | INFO      | [FileTransfer   ]: ********************************************************************************
07/21/2024 15:08:31 | INFO      | [FileTransfer   ]: creata un'istanza di FileTransfer
07/21/2024 15:08:39 | INFO      | [FileTransfer   ]: chiusura istanza di FileTransfer
07/21/2024 15:08:39 | INFO      | [FileTransfer   ]: ********************************************************************************
07/21/2024 15:08:39 | INFO      | app chiusa
07/21/2024 15:08:39 | INFO      | ################################################################################
07/21/2024 15:09:02 | INFO      | ################################################################################
07/21/2024 15:09:02 | INFO      | app avviata
07/21/2024 15:09:02 | INFO      | [FileTransfer   ]: ********************************************************************************
07/21/2024 15:09:02 | INFO      | [FileTransfer   ]: creata un'istanza di FileTransfer
07/21/2024 15:09:37 | INFO      | ################################################################################
07/21/2024 15:09:37 | INFO      | app avviata
07/21/2024 15:09:37 | INFO      | [FileTransfer   ]: ********************************************************************************
07/21/2024 15:09:37 | INFO      | [FileTransfer   ]: creata un'istanza di FileTransfer
07/21/2024 15:10:19 | INFO      | ################################################################################
07/21/2024 15:10:19 | INFO      | app avviata
07/21/2024 15:10:19 | INFO      | [FileTransfer   ]: ********************************************************************************
07/21/2024 15:10:19 | INFO      | [FileTransfer   ]: creata un'istanza di FileTransfer
07/21/2024 15:18:03 | INFO      | ################################################################################
07/21/2024 15:18:03 | INFO      | app avviata
07/21/2024 15:18:03 | INFO      | [FileTransfer   ]: ********************************************************************************
07/21/2024 15:18:03 | INFO      | [FileTransfer   ]: creata un'istanza di FileTransfer
07/21/2024 15:22:23 | INFO      | ################################################################################
07/21/2024 15:22:23 | INFO      | app avviata
07/21/2024 15:22:23 | INFO      | [FileTransfer   ]: ********************************************************************************
07/21/2024 15:22:23 | INFO      | [FileTransfer   ]: creata un'istanza di FileTransfer
07/21/2024 15:23:41 | INFO      | ################################################################################
07/21/2024 15:23:41 | INFO      | app avviata
07/21/2024 15:23:41 | INFO      | [FileTransfer   ]: ********************************************************************************
07/21/2024 15:23:41 | INFO      | [FileTransfer   ]: creata un'istanza di FileTransfer
07/21/2024 15:25:23 | INFO      | ################################################################################
07/21/2024 15:25:23 | INFO      | app avviata
07/21/2024 15:25:23 | INFO      | [FileTransfer   ]: ********************************************************************************
07/21/2024 15:25:23 | INFO      | [FileTransfer   ]: creata un'istanza di FileTransfer
07/21/2024 15:26:00 | INFO      | [FileTransfer   ]: SRC e DST selezionati correttamente
07/21/2024 15:26:19 | INFO      | [FileTransfer   ]: SRC e DST selezionati correttamente
07/21/2024 15:27:36 | INFO      | ################################################################################
07/21/2024 15:27:36 | INFO      | app avviata
07/21/2024 15:27:36 | INFO      | [FileTransfer   ]: ********************************************************************************
07/21/2024 15:27:36 | INFO      | [FileTransfer   ]: creata un'istanza di FileTransfer
07/21/2024 15:28:15 | INFO      | [FileTransfer   ]: SRC e DST selezionati correttamente
07/21/2024 15:28:27 | INFO      | [FileTransfer   ]: SRC e DST selezionati correttamente
07/21/2024 15:29:18 | INFO      | ################################################################################
07/21/2024 15:29:18 | INFO      | app avviata
07/21/2024 15:29:18 | INFO      | [FileTransfer   ]: ********************************************************************************
07/21/2024 15:29:18 | INFO      | [FileTransfer   ]: creata un'istanza di FileTransfer
07/21/2024 15:29:47 | INFO      | [FileTransfer   ]: SRC e DST selezionati correttamente
07/21/2024 15:29:56 | INFO      | [FileTransfer   ]: SRC e DST selezionati correttamente
07/21/2024 18:39:08 | INFO      | [FileTransfer   ]: SRC e DST selezionati correttamente
07/21/2024 18:39:14 | INFO      | [FileTransfer   ]: chiusura istanza di FileTransfer
07/21/2024 18:39:14 | INFO      | [FileTransfer   ]: ********************************************************************************
07/21/2024 18:39:14 | INFO      | app chiusa
07/21/2024 18:39:14 | INFO      | ################################################################################
07/21/2024 18:41:18 | INFO      | ################################################################################
07/21/2024 18:41:18 | INFO      | app avviata
07/21/2024 18:41:18 | INFO      | [FileTransfer   ]: ********************************************************************************
07/21/2024 18:41:18 | INFO      | [FileTransfer   ]: creata un'istanza di FileTransfer
07/21/2024 18:41:23 | INFO      | [FileTransfer   ]: SRC e DST selezionati correttamente
07/21/2024 18:43:44 | INFO      | ################################################################################
07/21/2024 18:43:44 | INFO      | app avviata
07/21/2024 18:43:44 | INFO      | [FileTransfer   ]: ********************************************************************************
07/21/2024 18:43:44 | INFO      | [FileTransfer   ]: creata un'istanza di FileTransfer
07/21/2024 18:43:49 | INFO      | [FileTransfer   ]: SRC e DST selezionati correttamente
07/21/2024 18:44:04 | INFO      | [FileTransfer   ]: SRC e DST selezionati correttamente
07/21/2024 18:44:10 | INFO      | [FileTransfer   ]: SRC e DST selezionati correttamente
07/21/2024 18:45:20 | INFO      | [FileTransfer   ]: SRC e DST selezionati correttamente
07/21/2024 19:02:38 | INFO      | ################################################################################
07/21/2024 19:02:38 | INFO      | app avviata
07/21/2024 19:02:38 | INFO      | [FileTransfer   ]: ********************************************************************************
07/21/2024 19:02:38 | INFO      | [FileTransfer   ]: creata un'istanza di FileTransfer
07/21/2024 20:46:30 | INFO      | ################################################################################
07/21/2024 20:46:30 | INFO      | app avviata
07/21/2024 20:46:30 | INFO      | [FileTransfer   ]: ********************************************************************************
07/21/2024 20:46:30 | INFO      | [FileTransfer   ]: creata un'istanza di FileTransfer
07/21/2024 20:46:47 | INFO      | ################################################################################
07/21/2024 20:46:47 | INFO      | app avviata
07/21/2024 20:46:47 | INFO      | [FileTransfer   ]: ********************************************************************************
07/21/2024 20:46:47 | INFO      | [FileTransfer   ]: creata un'istanza di FileTransfer
07/21/2024 20:47:07 | INFO      | ################################################################################
07/21/2024 20:47:07 | INFO      | app avviata
07/21/2024 20:47:07 | INFO      | [FileTransfer   ]: ********************************************************************************
07/21/2024 20:47:07 | INFO      | [FileTransfer   ]: creata un'istanza di FileTransfer
07/21/2024 20:47:33 | INFO      | ################################################################################
07/21/2024 20:47:33 | INFO      | app avviata
07/21/2024 20:47:33 | INFO      | [FileTransfer   ]: ********************************************************************************
07/21/2024 20:47:33 | INFO      | [FileTransfer   ]: creata un'istanza di FileTransfer
07/21/2024 20:57:25 | INFO      | ################################################################################
07/21/2024 20:57:26 | INFO      | app avviata
07/21/2024 20:57:26 | INFO      | [FileTransfer   ]: ********************************************************************************
07/21/2024 20:57:26 | INFO      | [FileTransfer   ]: creata un'istanza di FileTransfer
07/21/2024 20:57:37 | INFO      | ################################################################################
07/21/2024 20:57:37 | INFO      | app avviata
07/21/2024 20:57:37 | INFO      | [FileTransfer   ]: ********************************************************************************
07/21/2024 20:57:37 | INFO      | [FileTransfer   ]: creata un'istanza di FileTransfer
07/21/2024 20:58:09 | INFO      | ################################################################################
07/21/2024 20:58:09 | INFO      | app avviata
07/21/2024 20:58:09 | INFO      | [FileTransfer   ]: ********************************************************************************
07/21/2024 20:58:09 | INFO      | [FileTransfer   ]: creata un'istanza di FileTransfer
07/21/2024 20:58:52 | INFO      | ################################################################################
07/21/2024 20:58:52 | INFO      | app avviata
07/21/2024 20:58:52 | INFO      | [FileTransfer   ]: ********************************************************************************
07/21/2024 20:58:52 | INFO      | [FileTransfer   ]: creata un'istanza di FileTransfer
07/21/2024 20:59:27 | INFO      | ################################################################################
07/21/2024 20:59:27 | INFO      | app avviata
07/21/2024 20:59:27 | INFO      | [FileTransfer   ]: ********************************************************************************
07/21/2024 20:59:27 | INFO      | [FileTransfer   ]: creata un'istanza di FileTransfer
07/21/2024 20:59:42 | INFO      | ################################################################################
07/21/2024 20:59:42 | INFO      | app avviata
07/21/2024 20:59:42 | INFO      | [FileTransfer   ]: ********************************************************************************
07/21/2024 20:59:42 | INFO      | [FileTransfer   ]: creata un'istanza di FileTransfer
07/21/2024 21:03:48 | INFO      | ################################################################################
07/21/2024 21:03:48 | INFO      | app avviata
07/21/2024 21:03:48 | INFO      | [FileTransfer   ]: ********************************************************************************
07/21/2024 21:03:48 | INFO      | [FileTransfer   ]: creata un'istanza di FileTransfer
07/21/2024 21:04:40 | INFO      | ################################################################################
07/21/2024 21:04:40 | INFO      | app avviata
07/21/2024 21:04:40 | INFO      | [FileTransfer   ]: ********************************************************************************
07/21/2024 21:04:40 | INFO      | [FileTransfer   ]: creata un'istanza di FileTransfer
07/21/2024 21:06:02 | INFO      | ################################################################################
07/21/2024 21:06:02 | INFO      | app avviata
07/21/2024 21:06:02 | INFO      | [FileTransfer   ]: ********************************************************************************
07/21/2024 21:06:02 | INFO      | [FileTransfer   ]: creata un'istanza di FileTransfer
07/21/2024 21:06:31 | INFO      | ################################################################################
07/21/2024 21:06:31 | INFO      | app avviata
07/21/2024 21:06:31 | INFO      | [FileTransfer   ]: ********************************************************************************
07/21/2024 21:06:31 | INFO      | [FileTransfer   ]: creata un'istanza di FileTransfer
07/21/2024 21:07:20 | INFO      | ################################################################################
07/21/2024 21:07:20 | INFO      | app avviata
07/21/2024 21:07:20 | INFO      | [FileTransfer   ]: ********************************************************************************
07/21/2024 21:07:20 | INFO      | [FileTransfer   ]: creata un'istanza di FileTransfer
07/21/2024 21:08:29 | INFO      | ################################################################################
07/21/2024 21:08:29 | INFO      | app avviata
07/21/2024 21:08:29 | INFO      | [FileTransfer   ]: ********************************************************************************
07/21/2024 21:08:29 | INFO      | [FileTransfer   ]: creata un'istanza di FileTransfer
07/21/2024 21:08:35 | INFO      | [FileTransfer   ]: chiusura istanza di FileTransfer
07/21/2024 21:08:35 | INFO      | [FileTransfer   ]: ********************************************************************************
07/21/2024 21:08:35 | INFO      | app chiusa
07/21/2024 21:08:35 | INFO      | ################################################################################
07/21/2024 22:57:19 | INFO      | ################################################################################
07/21/2024 22:57:19 | INFO      | app avviata
07/21/2024 22:57:19 | INFO      | [FileTransfer   ]: ********************************************************************************
07/21/2024 22:57:19 | INFO      | [FileTransfer   ]: creata un'istanza di FileTransfer
07/21/2024 23:00:51 | INFO      | [FileTransfer   ]: chiusura istanza di FileTransfer
07/21/2024 23:00:51 | INFO      | [FileTransfer   ]: ********************************************************************************
07/21/2024 23:00:51 | INFO      | app chiusa
07/21/2024 23:00:51 | INFO      | ################################################################################
07/21/2024 23:00:53 | INFO      | ################################################################################
07/21/2024 23:00:53 | INFO      | app avviata
07/21/2024 23:00:53 | INFO      | [FileTransfer   ]: ********************************************************************************
07/21/2024 23:00:53 | INFO      | [FileTransfer   ]: creata un'istanza di FileTransfer
07/21/2024 23:01:23 | INFO      | [FileTransfer   ]: SRC e DST selezionati correttamente
07/21/2024 23:01:30 | INFO      | [FileTransfer   ]: chiusura istanza di FileTransfer
07/21/2024 23:01:30 | INFO      | [FileTransfer   ]: ********************************************************************************
07/21/2024 23:01:30 | INFO      | app chiusa
07/21/2024 23:01:30 | INFO      | ################################################################################
07/21/2024 23:05:56 | INFO      | ################################################################################
07/21/2024 23:05:56 | INFO      | app avviata
07/21/2024 23:05:56 | INFO      | [FileTransfer   ]: ********************************************************************************
07/21/2024 23:05:56 | INFO      | [FileTransfer   ]: creata un'istanza di FileTransfer
07/21/2024 23:07:10 | INFO      | ################################################################################
07/21/2024 23:07:10 | INFO      | app avviata
07/21/2024 23:07:10 | INFO      | [FileTransfer   ]: ********************************************************************************
07/21/2024 23:07:10 | INFO      | [FileTransfer   ]: creata un'istanza di FileTransfer
07/21/2024 23:16:09 | INFO      | ################################################################################
07/21/2024 23:16:09 | INFO      | app avviata
07/21/2024 23:16:09 | INFO      | [FileTransfer   ]: ********************************************************************************
07/21/2024 23:16:09 | INFO      | [FileTransfer   ]: creata un'istanza di FileTransfer
07/21/2024 23:16:49 | INFO      | ################################################################################
07/21/2024 23:16:49 | INFO      | app avviata
07/21/2024 23:16:49 | INFO      | [FileTransfer   ]: ********************************************************************************
07/21/2024 23:16:49 | INFO      | [FileTransfer   ]: creata un'istanza di FileTransfer
07/21/2024 23:17:08 | INFO      | [FileTransfer   ]: SRC e DST selezionati correttamente
07/21/2024 23:17:56 | INFO      | ################################################################################
07/21/2024 23:17:56 | INFO      | app avviata
07/21/2024 23:17:56 | INFO      | [FileTransfer   ]: ********************************************************************************
07/21/2024 23:17:56 | INFO      | [FileTransfer   ]: creata un'istanza di FileTransfer
07/21/2024 23:18:19 | INFO      | [FileTransfer   ]: chiusura istanza di FileTransfer
07/21/2024 23:18:19 | INFO      | [FileTransfer   ]: ********************************************************************************
07/21/2024 23:18:19 | INFO      | app chiusa
07/21/2024 23:18:19 | INFO      | ################################################################################
07/21/2024 23:26:50 | INFO      | ################################################################################
07/21/2024 23:26:50 | INFO      | app avviata
07/21/2024 23:26:50 | INFO      | [FileTransfer   ]: ********************************************************************************
07/21/2024 23:26:50 | INFO      | [FileTransfer   ]: creata un'istanza di FileTransfer
07/21/2024 23:26:56 | INFO      | [FileTransfer   ]: SRC e DST selezionati correttamente
07/21/2024 23:27:52 | INFO      | ################################################################################
07/21/2024 23:27:52 | INFO      | app avviata
07/21/2024 23:27:52 | INFO      | [FileTransfer   ]: ********************************************************************************
07/21/2024 23:27:52 | INFO      | [FileTransfer   ]: creata un'istanza di FileTransfer
07/21/2024 23:28:46 | INFO      | [FileTransfer   ]: SRC e DST selezionati correttamente
07/21/2024 23:37:18 | INFO      | ################################################################################
07/21/2024 23:37:18 | INFO      | app avviata
07/21/2024 23:37:18 | INFO      | [FileTransfer   ]: ********************************************************************************
07/21/2024 23:37:18 | INFO      | [FileTransfer   ]: creata un'istanza di FileTransfer
07/21/2024 23:37:50 | INFO      | [FileTransfer   ]: SRC e DST selezionati correttamente
07/21/2024 23:38:09 | ERROR     | [FileTransfer   ]: errore - errore durante la lettura del percorso ..\compare\20240721_compare.txt: ENOENT
07/21/2024 23:49:32 | INFO      | [FileTransfer   ]: SRC e DST selezionati correttamente
07/21/2024 23:50:22 | INFO      | ################################################################################
07/21/2024 23:50:22 | INFO      | app avviata
07/21/2024 23:50:22 | INFO      | [FileTransfer   ]: ********************************************************************************
07/21/2024 23:50:22 | INFO      | [FileTransfer   ]: creata un'istanza di FileTransfer
07/21/2024 23:50:56 | INFO      | [FileTransfer   ]: SRC e DST selezionati correttamente
07/21/2024 23:54:54 | INFO      | ################################################################################
07/21/2024 23:54:54 | INFO      | app avviata
07/21/2024 23:54:54 | INFO      | [FileTransfer   ]: ********************************************************************************
07/21/2024 23:54:54 | INFO      | [FileTransfer   ]: creata un'istanza di FileTransfer
07/21/2024 23:55:17 | INFO      | [FileTransfer   ]: SRC e DST selezionati correttamente
07/21/2024 23:56:22 | INFO      | ################################################################################
07/21/2024 23:56:22 | INFO      | app avviata
07/21/2024 23:56:22 | INFO      | [FileTransfer   ]: ********************************************************************************
07/21/2024 23:56:22 | INFO      | [FileTransfer   ]: creata un'istanza di FileTransfer
07/21/2024 23:56:50 | INFO      | [FileTransfer   ]: SRC e DST selezionati correttamente
07/21/2024 23:57:52 | INFO      | ################################################################################
07/21/2024 23:57:52 | INFO      | app avviata
07/21/2024 23:57:52 | INFO      | [FileTransfer   ]: ********************************************************************************
07/21/2024 23:57:52 | INFO      | [FileTransfer   ]: creata un'istanza di FileTransfer
07/21/2024 23:58:08 | INFO      | [FileTransfer   ]: SRC e DST selezionati correttamente
07/21/2024 23:58:09 | ERROR     | [FileTransfer   ]: errore - errore durante la lettura del percorso ..\compare\20240721_compare.txt: ENOENT
