07/18/2024 20:33:41 | INFO      | ################################################################################
07/18/2024 20:33:41 | INFO      | app avviata
07/18/2024 20:33:41 | INFO      | [FileTransfer   ]: ********************************************************************************
07/18/2024 20:33:41 | INFO      | [FileTransfer   ]: creata un'istanza di FileTransfer
07/18/2024 22:38:20 | INFO      | ################################################################################
07/18/2024 22:38:20 | INFO      | app avviata
07/18/2024 22:38:20 | INFO      | [FileTransfer   ]: ********************************************************************************
07/18/2024 22:38:20 | INFO      | [FileTransfer   ]: creata un'istanza di FileTransfer
07/18/2024 22:38:23 | INFO      | [FileTransfer   ]: chiusura istanza di FileTransfer
07/18/2024 22:38:23 | INFO      | [FileTransfer   ]: ********************************************************************************
07/18/2024 22:38:23 | INFO      | app chiusa
07/18/2024 22:38:23 | INFO      | ################################################################################
07/18/2024 22:40:36 | INFO      | ################################################################################
07/18/2024 22:40:36 | INFO      | app avviata
07/18/2024 22:40:36 | INFO      | [FileTransfer   ]: ********************************************************************************
07/18/2024 22:40:36 | INFO      | [FileTransfer   ]: creata un'istanza di FileTransfer
07/18/2024 22:44:05 | INFO      | [FileTransfer   ]: chiusura istanza di FileTransfer
07/18/2024 22:44:05 | INFO      | [FileTransfer   ]: ********************************************************************************
07/18/2024 22:44:05 | INFO      | app chiusa
07/18/2024 22:44:05 | INFO      | ################################################################################
07/18/2024 22:44:07 | INFO      | ################################################################################
07/18/2024 22:44:07 | INFO      | app avviata
07/18/2024 22:44:07 | INFO      | [FileTransfer   ]: ********************************************************************************
07/18/2024 22:44:07 | INFO      | [FileTransfer   ]: creata un'istanza di FileTransfer
