08/31/2024 00:49:11 | INFO      | ################################################################################
08/31/2024 00:49:11 | INFO      | app avviata
08/31/2024 00:49:11 | INFO      | [FileTransfer   ]: ********************************************************************************
08/31/2024 00:49:11 | INFO      | [FileTransfer   ]: creata un'istanza di FileTransfer
08/31/2024 00:49:18 | INFO      | [FileTransfer   ]: chiusura istanza di FileTransfer
08/31/2024 00:49:18 | INFO      | [FileTransfer   ]: ********************************************************************************
08/31/2024 00:49:18 | INFO      | app chiusa
08/31/2024 00:49:18 | INFO      | ################################################################################
08/31/2024 01:02:13 | INFO      | ################################################################################
08/31/2024 01:02:13 | INFO      | app avviata
08/31/2024 01:02:13 | INFO      | [FileTransfer   ]: ********************************************************************************
08/31/2024 01:02:13 | INFO      | [FileTransfer   ]: creata un'istanza di FileTransfer
08/31/2024 01:03:09 | INFO      | [FileTransfer   ]: SRC e DST selezionati correttamente
08/31/2024 01:04:02 | INFO      | ################################################################################
08/31/2024 01:04:02 | INFO      | app avviata
08/31/2024 01:04:03 | INFO      | [FileTransfer   ]: ********************************************************************************
08/31/2024 01:04:03 | INFO      | [FileTransfer   ]: creata un'istanza di FileTransfer
08/31/2024 01:04:05 | INFO      | [FileTransfer   ]: SRC e DST selezionati correttamente
08/31/2024 01:07:14 | INFO      | [FileTransfer   ]: chiusura istanza di FileTransfer
08/31/2024 01:07:14 | INFO      | [FileTransfer   ]: ********************************************************************************
08/31/2024 01:07:14 | INFO      | app chiusa
08/31/2024 01:07:14 | INFO      | ################################################################################
08/31/2024 01:07:25 | INFO      | ################################################################################
08/31/2024 01:07:25 | INFO      | app avviata
08/31/2024 01:07:25 | INFO      | [FileTransfer   ]: ********************************************************************************
08/31/2024 01:07:25 | INFO      | [FileTransfer   ]: creata un'istanza di FileTransfer
08/31/2024 01:07:29 | INFO      | [FileTransfer   ]: SRC e DST selezionati correttamente
08/31/2024 01:08:45 | INFO      | [FileTransfer   ]: chiusura istanza di FileTransfer
08/31/2024 01:08:45 | INFO      | [FileTransfer   ]: ********************************************************************************
08/31/2024 01:08:45 | INFO      | app chiusa
08/31/2024 01:08:45 | INFO      | ################################################################################
08/31/2024 01:44:27 | INFO      | ################################################################################
08/31/2024 01:44:27 | INFO      | app avviata
08/31/2024 01:44:27 | INFO      | [FileTransfer   ]: ********************************************************************************
08/31/2024 01:44:27 | INFO      | [FileTransfer   ]: creata un'istanza di FileTransfer
08/31/2024 01:45:05 | INFO      | [FileTransfer   ]: chiusura istanza di FileTransfer
08/31/2024 01:45:05 | INFO      | [FileTransfer   ]: ********************************************************************************
08/31/2024 01:45:05 | INFO      | app chiusa
08/31/2024 01:45:05 | INFO      | ################################################################################
08/31/2024 01:45:07 | INFO      | ################################################################################
08/31/2024 01:45:07 | INFO      | app avviata
08/31/2024 01:45:07 | INFO      | [FileTransfer   ]: ********************************************************************************
08/31/2024 01:45:07 | INFO      | [FileTransfer   ]: creata un'istanza di FileTransfer
08/31/2024 01:45:26 | INFO      | [FileTransfer   ]: chiusura istanza di FileTransfer
08/31/2024 01:45:26 | INFO      | [FileTransfer   ]: ********************************************************************************
08/31/2024 01:45:26 | INFO      | app chiusa
08/31/2024 01:45:26 | INFO      | ################################################################################
08/31/2024 01:45:28 | INFO      | ################################################################################
08/31/2024 01:45:28 | INFO      | app avviata
08/31/2024 01:45:28 | INFO      | [FileTransfer   ]: ********************************************************************************
08/31/2024 01:45:28 | INFO      | [FileTransfer   ]: creata un'istanza di FileTransfer
08/31/2024 01:45:56 | INFO      | [FileTransfer   ]: chiusura istanza di FileTransfer
08/31/2024 01:45:56 | INFO      | [FileTransfer   ]: ********************************************************************************
08/31/2024 01:45:56 | INFO      | app chiusa
08/31/2024 01:45:56 | INFO      | ################################################################################
08/31/2024 01:45:58 | INFO      | ################################################################################
08/31/2024 01:45:58 | INFO      | app avviata
08/31/2024 01:45:58 | INFO      | [FileTransfer   ]: ********************************************************************************
08/31/2024 01:45:58 | INFO      | [FileTransfer   ]: creata un'istanza di FileTransfer
08/31/2024 01:46:43 | INFO      | [FileTransfer   ]: chiusura istanza di FileTransfer
08/31/2024 01:46:43 | INFO      | [FileTransfer   ]: ********************************************************************************
08/31/2024 01:46:43 | INFO      | app chiusa
08/31/2024 01:46:43 | INFO      | ################################################################################
08/31/2024 01:46:45 | INFO      | ################################################################################
08/31/2024 01:46:45 | INFO      | app avviata
08/31/2024 01:46:45 | INFO      | [FileTransfer   ]: ********************************************************************************
08/31/2024 01:46:45 | INFO      | [FileTransfer   ]: creata un'istanza di FileTransfer
08/31/2024 01:46:56 | INFO      | [FileTransfer   ]: chiusura istanza di FileTransfer
08/31/2024 01:46:56 | INFO      | [FileTransfer   ]: ********************************************************************************
08/31/2024 01:46:56 | INFO      | app chiusa
08/31/2024 01:46:56 | INFO      | ################################################################################
08/31/2024 01:48:54 | INFO      | ################################################################################
08/31/2024 01:48:54 | INFO      | app avviata
08/31/2024 01:48:54 | INFO      | [FileTransfer   ]: ********************************************************************************
08/31/2024 01:48:54 | INFO      | [FileTransfer   ]: creata un'istanza di FileTransfer
08/31/2024 01:51:15 | INFO      | [FileTransfer   ]: chiusura istanza di FileTransfer
08/31/2024 01:51:15 | INFO      | [FileTransfer   ]: ********************************************************************************
08/31/2024 01:51:15 | INFO      | app chiusa
08/31/2024 01:51:15 | INFO      | ################################################################################
08/31/2024 01:51:24 | INFO      | ################################################################################
08/31/2024 01:51:24 | INFO      | app avviata
08/31/2024 01:51:24 | INFO      | [FileTransfer   ]: ********************************************************************************
08/31/2024 01:51:24 | INFO      | [FileTransfer   ]: creata un'istanza di FileTransfer
08/31/2024 01:51:29 | INFO      | [FileTransfer   ]: SRC e DST selezionati correttamente
08/31/2024 01:51:33 | INFO      | [FileTransfer   ]: chiusura istanza di FileTransfer
08/31/2024 01:51:33 | INFO      | [FileTransfer   ]: ********************************************************************************
08/31/2024 01:51:33 | INFO      | app chiusa
08/31/2024 01:51:33 | INFO      | ################################################################################
08/31/2024 01:51:35 | INFO      | ################################################################################
08/31/2024 01:51:35 | INFO      | app avviata
08/31/2024 01:51:35 | INFO      | [FileTransfer   ]: ********************************************************************************
08/31/2024 01:51:35 | INFO      | [FileTransfer   ]: creata un'istanza di FileTransfer
08/31/2024 01:51:39 | INFO      | [FileTransfer   ]: SRC e DST selezionati correttamente
08/31/2024 01:51:46 | INFO      | [FileTransfer   ]: chiusura istanza di FileTransfer
08/31/2024 01:51:46 | INFO      | [FileTransfer   ]: ********************************************************************************
08/31/2024 01:51:46 | INFO      | app chiusa
08/31/2024 01:51:46 | INFO      | ################################################################################
08/31/2024 01:52:09 | INFO      | ################################################################################
08/31/2024 01:52:09 | INFO      | app avviata
08/31/2024 01:52:09 | INFO      | [FileTransfer   ]: ********************************************************************************
08/31/2024 01:52:09 | INFO      | [FileTransfer   ]: creata un'istanza di FileTransfer
08/31/2024 01:52:21 | INFO      | [FileTransfer   ]: SRC e DST selezionati correttamente
08/31/2024 01:52:43 | INFO      | ################################################################################
08/31/2024 01:52:43 | INFO      | app avviata
08/31/2024 01:52:43 | INFO      | [FileTransfer   ]: ********************************************************************************
08/31/2024 01:52:43 | INFO      | [FileTransfer   ]: creata un'istanza di FileTransfer
08/31/2024 01:52:47 | INFO      | [FileTransfer   ]: SRC e DST selezionati correttamente
08/31/2024 01:53:01 | INFO      | [FileTransfer   ]: chiusura istanza di FileTransfer
08/31/2024 01:53:01 | INFO      | [FileTransfer   ]: ********************************************************************************
08/31/2024 01:53:01 | INFO      | app chiusa
08/31/2024 01:53:01 | INFO      | ################################################################################
08/31/2024 01:53:14 | INFO      | ################################################################################
08/31/2024 01:53:14 | INFO      | app avviata
08/31/2024 01:53:14 | INFO      | [FileTransfer   ]: ********************************************************************************
08/31/2024 01:53:14 | INFO      | [FileTransfer   ]: creata un'istanza di FileTransfer
08/31/2024 01:53:18 | INFO      | [FileTransfer   ]: SRC e DST selezionati correttamente
08/31/2024 01:54:08 | INFO      | [FileTransfer   ]: chiusura istanza di FileTransfer
08/31/2024 01:54:08 | INFO      | [FileTransfer   ]: ********************************************************************************
08/31/2024 01:54:08 | INFO      | app chiusa
08/31/2024 01:54:08 | INFO      | ################################################################################
08/31/2024 01:54:11 | INFO      | ################################################################################
08/31/2024 01:54:11 | INFO      | app avviata
08/31/2024 01:54:11 | INFO      | [FileTransfer   ]: ********************************************************************************
08/31/2024 01:54:11 | INFO      | [FileTransfer   ]: creata un'istanza di FileTransfer
08/31/2024 01:54:18 | INFO      | [FileTransfer   ]: SRC e DST selezionati correttamente
08/31/2024 01:54:24 | INFO      | [FileTransfer   ]: chiusura istanza di FileTransfer
08/31/2024 01:54:24 | INFO      | [FileTransfer   ]: ********************************************************************************
08/31/2024 01:54:24 | INFO      | app chiusa
08/31/2024 01:54:24 | INFO      | ################################################################################
08/31/2024 01:54:47 | INFO      | ################################################################################
08/31/2024 01:54:47 | INFO      | app avviata
08/31/2024 01:54:47 | INFO      | [FileTransfer   ]: ********************************************************************************
08/31/2024 01:54:47 | INFO      | [FileTransfer   ]: creata un'istanza di FileTransfer
08/31/2024 01:54:50 | INFO      | [FileTransfer   ]: SRC e DST selezionati correttamente
08/31/2024 01:55:02 | INFO      | [FileTransfer   ]: SRC e DST selezionati correttamente
08/31/2024 01:55:14 | INFO      | [FileTransfer   ]: SRC e DST selezionati correttamente
08/31/2024 03:51:15 | INFO      | [FileTransfer   ]: chiusura istanza di FileTransfer
08/31/2024 03:51:15 | INFO      | [FileTransfer   ]: ********************************************************************************
08/31/2024 03:51:15 | INFO      | app chiusa
08/31/2024 03:51:15 | INFO      | ################################################################################
08/31/2024 03:51:22 | INFO      | ################################################################################
08/31/2024 03:51:22 | INFO      | app avviata
08/31/2024 03:51:22 | INFO      | [FileTransfer   ]: ********************************************************************************
08/31/2024 03:51:22 | INFO      | [FileTransfer   ]: creata un'istanza di FileTransfer
08/31/2024 03:51:26 | INFO      | [FileTransfer   ]: SRC e DST selezionati correttamente
08/31/2024 03:51:26 | INFO      | [FileTransfer   ]: file D:\My Documents\INFO\Python\Projects\File Transfer\FileTransfer\compare\20240831_compare_9.txt creato
08/31/2024 03:54:48 | INFO      | ################################################################################
08/31/2024 03:54:48 | INFO      | app avviata
08/31/2024 03:54:48 | INFO      | [FileTransfer   ]: ********************************************************************************
08/31/2024 03:54:48 | INFO      | [FileTransfer   ]: creata un'istanza di FileTransfer
08/31/2024 03:54:52 | INFO      | [FileTransfer   ]: SRC e DST selezionati correttamente
08/31/2024 03:55:35 | INFO      | [FileTransfer   ]: chiusura istanza di FileTransfer
08/31/2024 03:55:35 | INFO      | [FileTransfer   ]: ********************************************************************************
08/31/2024 03:55:35 | INFO      | app chiusa
08/31/2024 03:55:35 | INFO      | ################################################################################
08/31/2024 03:55:37 | INFO      | ################################################################################
08/31/2024 03:55:37 | INFO      | app avviata
08/31/2024 03:55:37 | INFO      | [FileTransfer   ]: ********************************************************************************
08/31/2024 03:55:37 | INFO      | [FileTransfer   ]: creata un'istanza di FileTransfer
08/31/2024 03:55:42 | INFO      | [FileTransfer   ]: SRC e DST selezionati correttamente
08/31/2024 03:55:42 | INFO      | [FileTransfer   ]: file D:\My Documents\INFO\Python\Projects\File Transfer\FileTransfer\compare\20240831_compare_11.txt creato
08/31/2024 03:56:08 | INFO      | [FileTransfer   ]: chiusura istanza di FileTransfer
08/31/2024 03:56:08 | INFO      | [FileTransfer   ]: ********************************************************************************
08/31/2024 03:56:08 | INFO      | app chiusa
08/31/2024 03:56:08 | INFO      | ################################################################################
08/31/2024 03:56:39 | INFO      | ################################################################################
08/31/2024 03:56:39 | INFO      | app avviata
08/31/2024 03:56:39 | INFO      | [FileTransfer   ]: ********************************************************************************
08/31/2024 03:56:39 | INFO      | [FileTransfer   ]: creata un'istanza di FileTransfer
08/31/2024 03:57:11 | INFO      | [FileTransfer   ]: SRC e DST selezionati correttamente
08/31/2024 03:57:11 | INFO      | [FileTransfer   ]: file D:\My Documents\INFO\Python\Projects\File Transfer\FileTransfer\compare\20240831_compare_12.txt creato
08/31/2024 03:57:21 | INFO      | [FileTransfer   ]: chiusura istanza di FileTransfer
08/31/2024 03:57:21 | INFO      | [FileTransfer   ]: ********************************************************************************
08/31/2024 03:57:21 | INFO      | app chiusa
08/31/2024 03:57:21 | INFO      | ################################################################################
08/31/2024 03:57:25 | INFO      | ################################################################################
08/31/2024 03:57:25 | INFO      | app avviata
08/31/2024 03:57:25 | INFO      | [FileTransfer   ]: ********************************************************************************
08/31/2024 03:57:25 | INFO      | [FileTransfer   ]: creata un'istanza di FileTransfer
08/31/2024 03:57:28 | INFO      | [FileTransfer   ]: SRC e DST selezionati correttamente
08/31/2024 03:57:28 | INFO      | [FileTransfer   ]: file D:\My Documents\INFO\Python\Projects\File Transfer\FileTransfer\compare\20240831_compare_13.txt creato
08/31/2024 04:10:51 | INFO      | [FileTransfer   ]: chiusura istanza di FileTransfer
08/31/2024 04:10:51 | INFO      | [FileTransfer   ]: ********************************************************************************
08/31/2024 04:10:51 | INFO      | app chiusa
08/31/2024 04:10:51 | INFO      | ################################################################################
08/31/2024 04:10:54 | INFO      | ################################################################################
08/31/2024 04:10:54 | INFO      | app avviata
08/31/2024 04:10:54 | INFO      | [FileTransfer   ]: ********************************************************************************
08/31/2024 04:10:54 | INFO      | [FileTransfer   ]: creata un'istanza di FileTransfer
08/31/2024 04:10:58 | INFO      | [FileTransfer   ]: SRC e DST selezionati correttamente
08/31/2024 04:10:58 | INFO      | [FileTransfer   ]: file D:\My Documents\INFO\Python\Projects\File Transfer\FileTransfer\compare\20240831_compare_14.txt creato
08/31/2024 04:11:51 | INFO      | [FileTransfer   ]: SRC e DST selezionati correttamente
08/31/2024 04:11:51 | INFO      | [FileTransfer   ]: file D:\My Documents\INFO\Python\Projects\File Transfer\FileTransfer\compare\20240831_compare_15.txt creato
08/31/2024 04:11:55 | INFO      | [FileTransfer   ]: chiusura istanza di FileTransfer
08/31/2024 04:11:55 | INFO      | [FileTransfer   ]: ********************************************************************************
08/31/2024 04:11:55 | INFO      | app chiusa
08/31/2024 04:11:55 | INFO      | ################################################################################
08/31/2024 04:13:53 | INFO      | ################################################################################
08/31/2024 04:13:53 | INFO      | app avviata
08/31/2024 04:13:53 | INFO      | [FileTransfer   ]: ********************************************************************************
08/31/2024 04:13:53 | INFO      | [FileTransfer   ]: creata un'istanza di FileTransfer
08/31/2024 04:13:56 | INFO      | [FileTransfer   ]: SRC e DST selezionati correttamente
08/31/2024 04:13:56 | INFO      | [FileTransfer   ]: file D:\My Documents\INFO\Python\Projects\File Transfer\FileTransfer\compare\20240831_compare_16.txt creato
08/31/2024 04:14:24 | INFO      | [FileTransfer   ]: chiusura istanza di FileTransfer
08/31/2024 04:14:24 | INFO      | [FileTransfer   ]: ********************************************************************************
08/31/2024 04:14:24 | INFO      | app chiusa
08/31/2024 04:14:24 | INFO      | ################################################################################
08/31/2024 04:14:26 | INFO      | ################################################################################
08/31/2024 04:14:26 | INFO      | app avviata
08/31/2024 04:14:26 | INFO      | [FileTransfer   ]: ********************************************************************************
08/31/2024 04:14:26 | INFO      | [FileTransfer   ]: creata un'istanza di FileTransfer
08/31/2024 04:14:29 | INFO      | [FileTransfer   ]: SRC e DST selezionati correttamente
08/31/2024 04:14:29 | INFO      | [FileTransfer   ]: file D:\My Documents\INFO\Python\Projects\File Transfer\FileTransfer\compare\20240831_compare_17.txt creato
08/31/2024 04:15:34 | INFO      | [FileTransfer   ]: chiusura istanza di FileTransfer
08/31/2024 04:15:34 | INFO      | [FileTransfer   ]: ********************************************************************************
08/31/2024 04:15:34 | INFO      | app chiusa
08/31/2024 04:15:34 | INFO      | ################################################################################
08/31/2024 04:15:58 | INFO      | ################################################################################
08/31/2024 04:15:58 | INFO      | app avviata
08/31/2024 04:15:58 | INFO      | [FileTransfer   ]: ********************************************************************************
08/31/2024 04:15:58 | INFO      | [FileTransfer   ]: creata un'istanza di FileTransfer
08/31/2024 04:16:01 | INFO      | [FileTransfer   ]: SRC e DST selezionati correttamente
08/31/2024 04:16:01 | INFO      | [FileTransfer   ]: file D:\My Documents\INFO\Python\Projects\File Transfer\FileTransfer\compare\20240831_compare_18.txt creato
08/31/2024 04:17:26 | INFO      | [FileTransfer   ]: chiusura istanza di FileTransfer
08/31/2024 04:17:26 | INFO      | [FileTransfer   ]: ********************************************************************************
08/31/2024 04:17:26 | INFO      | app chiusa
08/31/2024 04:17:26 | INFO      | ################################################################################
08/31/2024 04:17:28 | INFO      | ################################################################################
08/31/2024 04:17:28 | INFO      | app avviata
08/31/2024 04:17:28 | INFO      | [FileTransfer   ]: ********************************************************************************
08/31/2024 04:17:28 | INFO      | [FileTransfer   ]: creata un'istanza di FileTransfer
08/31/2024 04:17:31 | INFO      | [FileTransfer   ]: SRC e DST selezionati correttamente
08/31/2024 04:17:31 | INFO      | [FileTransfer   ]: file D:\My Documents\INFO\Python\Projects\File Transfer\FileTransfer\compare\20240831_compare_19.txt creato
08/31/2024 04:17:54 | INFO      | [FileTransfer   ]: chiusura istanza di FileTransfer
08/31/2024 04:17:54 | INFO      | [FileTransfer   ]: ********************************************************************************
08/31/2024 04:17:54 | INFO      | app chiusa
08/31/2024 04:17:54 | INFO      | ################################################################################
08/31/2024 04:17:56 | INFO      | ################################################################################
08/31/2024 04:17:56 | INFO      | app avviata
08/31/2024 04:17:56 | INFO      | [FileTransfer   ]: ********************************************************************************
08/31/2024 04:17:56 | INFO      | [FileTransfer   ]: creata un'istanza di FileTransfer
08/31/2024 04:18:00 | INFO      | [FileTransfer   ]: SRC e DST selezionati correttamente
08/31/2024 04:18:00 | INFO      | [FileTransfer   ]: file D:\My Documents\INFO\Python\Projects\File Transfer\FileTransfer\compare\20240831_compare_20.txt creato
08/31/2024 04:18:13 | INFO      | [FileTransfer   ]: chiusura istanza di FileTransfer
08/31/2024 04:18:13 | INFO      | [FileTransfer   ]: ********************************************************************************
08/31/2024 04:18:13 | INFO      | app chiusa
08/31/2024 04:18:13 | INFO      | ################################################################################
08/31/2024 04:18:14 | INFO      | ################################################################################
08/31/2024 04:18:14 | INFO      | app avviata
08/31/2024 04:18:14 | INFO      | [FileTransfer   ]: ********************************************************************************
08/31/2024 04:18:14 | INFO      | [FileTransfer   ]: creata un'istanza di FileTransfer
08/31/2024 04:18:17 | INFO      | [FileTransfer   ]: SRC e DST selezionati correttamente
08/31/2024 04:18:17 | INFO      | [FileTransfer   ]: file D:\My Documents\INFO\Python\Projects\File Transfer\FileTransfer\compare\20240831_compare_21.txt creato
08/31/2024 04:19:16 | INFO      | [FileTransfer   ]: chiusura istanza di FileTransfer
08/31/2024 04:19:16 | INFO      | [FileTransfer   ]: ********************************************************************************
08/31/2024 04:19:16 | INFO      | app chiusa
08/31/2024 04:19:16 | INFO      | ################################################################################
08/31/2024 04:19:18 | INFO      | ################################################################################
08/31/2024 04:19:18 | INFO      | app avviata
08/31/2024 04:19:18 | INFO      | [FileTransfer   ]: ********************************************************************************
08/31/2024 04:19:18 | INFO      | [FileTransfer   ]: creata un'istanza di FileTransfer
08/31/2024 04:19:20 | INFO      | [FileTransfer   ]: SRC e DST selezionati correttamente
08/31/2024 04:19:20 | INFO      | [FileTransfer   ]: file D:\My Documents\INFO\Python\Projects\File Transfer\FileTransfer\compare\20240831_compare_22.txt creato
08/31/2024 04:19:36 | INFO      | [FileTransfer   ]: chiusura istanza di FileTransfer
08/31/2024 04:19:36 | INFO      | [FileTransfer   ]: ********************************************************************************
08/31/2024 04:19:36 | INFO      | app chiusa
08/31/2024 04:19:36 | INFO      | ################################################################################
08/31/2024 04:19:37 | INFO      | ################################################################################
08/31/2024 04:19:37 | INFO      | app avviata
08/31/2024 04:19:37 | INFO      | [FileTransfer   ]: ********************************************************************************
08/31/2024 04:19:37 | INFO      | [FileTransfer   ]: creata un'istanza di FileTransfer
08/31/2024 04:19:41 | INFO      | [FileTransfer   ]: SRC e DST selezionati correttamente
08/31/2024 04:19:41 | INFO      | [FileTransfer   ]: file D:\My Documents\INFO\Python\Projects\File Transfer\FileTransfer\compare\20240831_compare_23.txt creato
08/31/2024 04:20:59 | INFO      | [FileTransfer   ]: SRC e DST selezionati correttamente
08/31/2024 04:20:59 | INFO      | [FileTransfer   ]: file D:\My Documents\INFO\Python\Projects\File Transfer\FileTransfer\compare\20240831_compare_24.txt creato
08/31/2024 04:21:46 | INFO      | ################################################################################
08/31/2024 04:21:46 | INFO      | app avviata
08/31/2024 04:21:46 | INFO      | [FileTransfer   ]: ********************************************************************************
08/31/2024 04:21:46 | INFO      | [FileTransfer   ]: creata un'istanza di FileTransfer
08/31/2024 04:21:49 | INFO      | [FileTransfer   ]: SRC e DST selezionati correttamente
08/31/2024 04:21:49 | INFO      | [FileTransfer   ]: file D:\My Documents\INFO\Python\Projects\File Transfer\FileTransfer\compare\20240831_compare_25.txt creato
08/31/2024 04:22:10 | INFO      | [FileTransfer   ]: chiusura istanza di FileTransfer
08/31/2024 04:22:10 | INFO      | [FileTransfer   ]: ********************************************************************************
08/31/2024 04:22:10 | INFO      | app chiusa
08/31/2024 04:22:10 | INFO      | ################################################################################
08/31/2024 04:22:12 | INFO      | ################################################################################
08/31/2024 04:22:12 | INFO      | app avviata
08/31/2024 04:22:12 | INFO      | [FileTransfer   ]: ********************************************************************************
08/31/2024 04:22:12 | INFO      | [FileTransfer   ]: creata un'istanza di FileTransfer
08/31/2024 04:22:17 | INFO      | [FileTransfer   ]: SRC e DST selezionati correttamente
08/31/2024 04:22:17 | INFO      | [FileTransfer   ]: file D:\My Documents\INFO\Python\Projects\File Transfer\FileTransfer\compare\20240831_compare_26.txt creato
08/31/2024 04:24:17 | INFO      | ################################################################################
08/31/2024 04:24:17 | INFO      | app avviata
08/31/2024 04:24:17 | INFO      | [FileTransfer   ]: ********************************************************************************
08/31/2024 04:24:17 | INFO      | [FileTransfer   ]: creata un'istanza di FileTransfer
08/31/2024 04:24:20 | INFO      | [FileTransfer   ]: SRC e DST selezionati correttamente
08/31/2024 04:24:20 | INFO      | [FileTransfer   ]: file D:\My Documents\INFO\Python\Projects\File Transfer\FileTransfer\compare\20240831_compare_27.txt creato
08/31/2024 04:34:06 | INFO      | ################################################################################
08/31/2024 04:34:06 | INFO      | app avviata
08/31/2024 04:34:06 | INFO      | [FileTransfer   ]: ********************************************************************************
08/31/2024 04:34:06 | INFO      | [FileTransfer   ]: creata un'istanza di FileTransfer
08/31/2024 04:34:09 | INFO      | [FileTransfer   ]: SRC e DST selezionati correttamente
08/31/2024 04:34:09 | INFO      | [FileTransfer   ]: file D:\My Documents\INFO\Python\Projects\File Transfer\FileTransfer\compare\20240831_compare_28.txt creato
08/31/2024 04:35:11 | INFO      | [FileTransfer   ]: SRC e DST selezionati correttamente
08/31/2024 04:35:11 | INFO      | [FileTransfer   ]: file D:\My Documents\INFO\Python\Projects\File Transfer\FileTransfer\compare\20240831_compare_29.txt creato
08/31/2024 04:36:20 | INFO      | [FileTransfer   ]: SRC e DST selezionati correttamente
08/31/2024 04:36:20 | INFO      | [FileTransfer   ]: file D:\My Documents\INFO\Python\Projects\File Transfer\FileTransfer\compare\20240831_compare_30.txt creato
08/31/2024 04:36:25 | INFO      | [FileTransfer   ]: chiusura istanza di FileTransfer
08/31/2024 04:36:25 | INFO      | [FileTransfer   ]: ********************************************************************************
08/31/2024 04:36:25 | INFO      | app chiusa
08/31/2024 04:36:25 | INFO      | ################################################################################
08/31/2024 04:40:42 | INFO      | ################################################################################
08/31/2024 04:40:42 | INFO      | app avviata
08/31/2024 04:40:42 | INFO      | [FileTransfer   ]: ********************************************************************************
08/31/2024 04:40:42 | INFO      | [FileTransfer   ]: creata un'istanza di FileTransfer
08/31/2024 04:40:50 | INFO      | [FileTransfer   ]: SRC e DST selezionati correttamente
08/31/2024 04:40:50 | INFO      | [FileTransfer   ]: file D:\My Documents\INFO\Python\Projects\File Transfer\FileTransfer\compare\20240831_compare_31.txt creato
08/31/2024 04:40:58 | INFO      | [FileTransfer   ]: chiusura istanza di FileTransfer
08/31/2024 04:40:58 | INFO      | [FileTransfer   ]: ********************************************************************************
08/31/2024 04:40:58 | INFO      | app chiusa
08/31/2024 04:40:58 | INFO      | ################################################################################
08/31/2024 04:47:14 | INFO      | ################################################################################
08/31/2024 04:47:14 | INFO      | app avviata
08/31/2024 04:47:14 | INFO      | [FileTransfer   ]: ********************************************************************************
08/31/2024 04:47:14 | INFO      | [FileTransfer   ]: creata un'istanza di FileTransfer
08/31/2024 04:47:29 | INFO      | ################################################################################
08/31/2024 04:47:29 | INFO      | app avviata
08/31/2024 04:47:29 | INFO      | [FileTransfer   ]: ********************************************************************************
08/31/2024 04:47:29 | INFO      | [FileTransfer   ]: creata un'istanza di FileTransfer
08/31/2024 04:47:32 | INFO      | [FileTransfer   ]: SRC e DST selezionati correttamente
08/31/2024 04:47:32 | INFO      | [FileTransfer   ]: file D:\My Documents\INFO\Python\Projects\File Transfer\FileTransfer\compare\20240831_compare_32.txt creato
08/31/2024 04:48:11 | INFO      | [FileTransfer   ]: SRC e DST selezionati correttamente
08/31/2024 04:48:11 | INFO      | [FileTransfer   ]: file D:\My Documents\INFO\Python\Projects\File Transfer\FileTransfer\compare\20240831_compare_33.txt creato
08/31/2024 04:48:38 | INFO      | [FileTransfer   ]: chiusura istanza di FileTransfer
08/31/2024 04:48:38 | INFO      | [FileTransfer   ]: ********************************************************************************
08/31/2024 04:48:38 | INFO      | app chiusa
08/31/2024 04:48:38 | INFO      | ################################################################################
