07/23/2024 18:48:38 | INFO      | ################################################################################
07/23/2024 18:48:38 | INFO      | app avviata
07/23/2024 18:48:38 | INFO      | [FileTransfer   ]: ********************************************************************************
07/23/2024 18:48:38 | INFO      | [FileTransfer   ]: creata un'istanza di FileTransfer
07/23/2024 18:48:52 | INFO      | [FileTransfer   ]: SRC e DST selezionati correttamente
07/23/2024 18:48:53 | ERROR     | [FileTransfer   ]: errore - errore durante la lettura del percorso C:\$Recycle.Bin\S-1-5-18: Permission denied
07/23/2024 18:49:33 | INFO      | [FileTransfer   ]: SRC e DST selezionati correttamente
07/23/2024 18:49:33 | ERROR     | [FileTransfer   ]: errore - errore durante la lettura del percorso C:\$Recycle.Bin\S-1-5-18: Permission denied
07/23/2024 18:50:21 | INFO      | ################################################################################
07/23/2024 18:50:21 | INFO      | app avviata
07/23/2024 18:50:21 | INFO      | [FileTransfer   ]: ********************************************************************************
07/23/2024 18:50:21 | INFO      | [FileTransfer   ]: creata un'istanza di FileTransfer
07/23/2024 18:51:13 | INFO      | [FileTransfer   ]: SRC e DST selezionati correttamente
07/23/2024 18:51:17 | ERROR     | [FileTransfer   ]: errore - errore durante la lettura del percorso C:\$Recycle.Bin\S-1-5-18: Permission denied
07/23/2024 18:51:36 | INFO      | ################################################################################
07/23/2024 18:51:36 | INFO      | app avviata
07/23/2024 18:51:36 | INFO      | [FileTransfer   ]: ********************************************************************************
07/23/2024 18:51:36 | INFO      | [FileTransfer   ]: creata un'istanza di FileTransfer
07/23/2024 18:51:50 | INFO      | [FileTransfer   ]: SRC e DST selezionati correttamente
07/23/2024 18:51:51 | ERROR     | [FileTransfer   ]: errore - errore durante la lettura del percorso C:\$Recycle.Bin\S-1-5-18: Permission denied
07/23/2024 18:52:27 | INFO      | ################################################################################
07/23/2024 18:52:27 | INFO      | app avviata
07/23/2024 18:52:27 | INFO      | [FileTransfer   ]: ********************************************************************************
07/23/2024 18:52:27 | INFO      | [FileTransfer   ]: creata un'istanza di FileTransfer
07/23/2024 18:52:47 | INFO      | ################################################################################
07/23/2024 18:52:47 | INFO      | app avviata
07/23/2024 18:52:47 | INFO      | [FileTransfer   ]: ********************************************************************************
07/23/2024 18:52:47 | INFO      | [FileTransfer   ]: creata un'istanza di FileTransfer
07/23/2024 18:53:04 | INFO      | ################################################################################
07/23/2024 18:53:04 | INFO      | app avviata
07/23/2024 18:53:04 | INFO      | [FileTransfer   ]: ********************************************************************************
07/23/2024 18:53:04 | INFO      | [FileTransfer   ]: creata un'istanza di FileTransfer
07/23/2024 18:53:21 | INFO      | [FileTransfer   ]: SRC e DST selezionati correttamente
07/23/2024 18:54:07 | INFO      | ################################################################################
07/23/2024 18:54:07 | INFO      | app avviata
07/23/2024 18:54:07 | INFO      | [FileTransfer   ]: ********************************************************************************
07/23/2024 18:54:07 | INFO      | [FileTransfer   ]: creata un'istanza di FileTransfer
07/23/2024 18:54:29 | INFO      | ################################################################################
07/23/2024 18:54:29 | INFO      | app avviata
07/23/2024 18:54:29 | INFO      | [FileTransfer   ]: ********************************************************************************
07/23/2024 18:54:29 | INFO      | [FileTransfer   ]: creata un'istanza di FileTransfer
07/23/2024 18:55:00 | INFO      | ################################################################################
07/23/2024 18:55:00 | INFO      | app avviata
07/23/2024 18:55:00 | INFO      | [FileTransfer   ]: ********************************************************************************
07/23/2024 18:55:00 | INFO      | [FileTransfer   ]: creata un'istanza di FileTransfer
07/23/2024 18:55:02 | INFO      | [FileTransfer   ]: SRC e DST selezionati correttamente
07/23/2024 18:55:04 | ERROR     | [FileTransfer   ]: errore - errore durante la lettura del percorso C:\$Recycle.Bin\S-1-5-18: Permission denied
07/23/2024 18:55:32 | INFO      | ################################################################################
07/23/2024 18:55:32 | INFO      | app avviata
07/23/2024 18:55:32 | INFO      | [FileTransfer   ]: ********************************************************************************
07/23/2024 18:55:32 | INFO      | [FileTransfer   ]: creata un'istanza di FileTransfer
07/23/2024 18:55:34 | INFO      | [FileTransfer   ]: SRC e DST selezionati correttamente
07/23/2024 18:55:35 | INFO      | [FileTransfer   ]: analisi terminata
07/23/2024 18:56:52 | INFO      | ################################################################################
07/23/2024 18:56:52 | INFO      | app avviata
07/23/2024 18:56:52 | INFO      | [FileTransfer   ]: ********************************************************************************
07/23/2024 18:56:52 | INFO      | [FileTransfer   ]: creata un'istanza di FileTransfer
07/23/2024 18:56:54 | INFO      | [FileTransfer   ]: SRC e DST selezionati correttamente
07/23/2024 18:56:55 | ERROR     | [FileTransfer   ]: errore - errore durante la lettura del percorso C:\prova\repo: No such file or directory
07/23/2024 18:57:50 | INFO      | ################################################################################
07/23/2024 18:57:50 | INFO      | app avviata
07/23/2024 18:57:50 | INFO      | [FileTransfer   ]: ********************************************************************************
07/23/2024 18:57:50 | INFO      | [FileTransfer   ]: creata un'istanza di FileTransfer
07/23/2024 18:57:54 | INFO      | [FileTransfer   ]: SRC e DST selezionati correttamente
07/23/2024 18:57:55 | INFO      | [FileTransfer   ]: analisi terminata
07/23/2024 18:59:24 | INFO      | ################################################################################
07/23/2024 18:59:24 | INFO      | app avviata
07/23/2024 18:59:24 | INFO      | [FileTransfer   ]: ********************************************************************************
07/23/2024 18:59:24 | INFO      | [FileTransfer   ]: creata un'istanza di FileTransfer
07/23/2024 18:59:25 | INFO      | [FileTransfer   ]: SRC e DST selezionati correttamente
07/23/2024 18:59:26 | INFO      | [FileTransfer   ]: analisi terminata
07/23/2024 19:05:26 | INFO      | ################################################################################
07/23/2024 19:05:26 | INFO      | app avviata
07/23/2024 19:05:26 | INFO      | [FileTransfer   ]: ********************************************************************************
07/23/2024 19:05:26 | INFO      | [FileTransfer   ]: creata un'istanza di FileTransfer
07/23/2024 19:05:28 | INFO      | [FileTransfer   ]: SRC e DST selezionati correttamente
07/23/2024 19:05:29 | ERROR     | [FileTransfer   ]: errore - Errore generico, dettagli: [WinError 3] Impossibile trovare il percorso specificato: 'C:\\repo\\repo'
07/23/2024 19:05:53 | INFO      | ################################################################################
07/23/2024 19:05:53 | INFO      | app avviata
07/23/2024 19:05:53 | INFO      | [FileTransfer   ]: ********************************************************************************
07/23/2024 19:05:53 | INFO      | [FileTransfer   ]: creata un'istanza di FileTransfer
07/23/2024 19:05:55 | INFO      | [FileTransfer   ]: SRC e DST selezionati correttamente
07/23/2024 19:05:56 | ERROR     | [FileTransfer   ]: errore - Errore generico, dettagli: [WinError 3] Impossibile trovare il percorso specificato: 'C:\\repo\\repo'
07/23/2024 19:07:11 | INFO      | ################################################################################
07/23/2024 19:07:11 | INFO      | app avviata
07/23/2024 19:07:11 | INFO      | [FileTransfer   ]: ********************************************************************************
07/23/2024 19:07:11 | INFO      | [FileTransfer   ]: creata un'istanza di FileTransfer
07/23/2024 19:07:12 | INFO      | [FileTransfer   ]: SRC e DST selezionati correttamente
07/23/2024 19:07:13 | ERROR     | [FileTransfer   ]: errore - Errore generico, dettagli: [WinError 3] Impossibile trovare il percorso specificato: 'C:\\repo\\repo\\AoC'
07/23/2024 19:07:21 | INFO      | ################################################################################
07/23/2024 19:07:21 | INFO      | app avviata
07/23/2024 19:07:21 | INFO      | [FileTransfer   ]: ********************************************************************************
07/23/2024 19:07:21 | INFO      | [FileTransfer   ]: creata un'istanza di FileTransfer
07/23/2024 19:07:23 | INFO      | [FileTransfer   ]: SRC e DST selezionati correttamente
07/23/2024 19:07:24 | ERROR     | [FileTransfer   ]: errore - Errore generico, dettagli: [WinError 3] Impossibile trovare il percorso specificato: 'C:\\repo\\repo\\AoC'
07/23/2024 19:09:39 | INFO      | ################################################################################
07/23/2024 19:09:39 | INFO      | app avviata
07/23/2024 19:09:39 | INFO      | [FileTransfer   ]: ********************************************************************************
07/23/2024 19:09:39 | INFO      | [FileTransfer   ]: creata un'istanza di FileTransfer
07/23/2024 19:09:40 | INFO      | [FileTransfer   ]: SRC e DST selezionati correttamente
07/23/2024 19:09:41 | ERROR     | [FileTransfer   ]: errore - Errore generico, dettagli: [WinError 3] Impossibile trovare il percorso specificato: 'C:\\repo\\repo'
07/23/2024 19:16:52 | INFO      | ################################################################################
07/23/2024 19:16:52 | INFO      | app avviata
07/23/2024 19:16:52 | INFO      | [FileTransfer   ]: ********************************************************************************
07/23/2024 19:16:52 | INFO      | [FileTransfer   ]: creata un'istanza di FileTransfer
07/23/2024 19:16:53 | INFO      | [FileTransfer   ]: SRC e DST selezionati correttamente
07/23/2024 19:16:54 | INFO      | [FileTransfer   ]: analisi terminata
07/23/2024 19:18:56 | INFO      | ################################################################################
07/23/2024 19:18:56 | INFO      | app avviata
07/23/2024 19:18:56 | INFO      | [FileTransfer   ]: ********************************************************************************
07/23/2024 19:18:56 | INFO      | [FileTransfer   ]: creata un'istanza di FileTransfer
07/23/2024 19:18:56 | ERROR     | caricamento front-end - errore in C:\My Documents\INFO\Python\Projects\File Transfer\FileTransfer\kv\Popups.kv - Parser: File "C:\My Documents\INFO\Python\Projects\File Transfer\FileTransfer\kv\Popups.kv", line 92:
...
     90:#                app.start_transfer(popup_to_close=root)
     91:#
>>   92:         DefaultButton:
     93:             text: "CHIUDI"
     94:             bold: True
...
Invalid indentation, must be a multiple of 4 spaces
07/23/2024 19:19:55 | INFO      | ################################################################################
07/23/2024 19:19:55 | INFO      | app avviata
07/23/2024 19:19:55 | INFO      | [FileTransfer   ]: ********************************************************************************
07/23/2024 19:19:55 | INFO      | [FileTransfer   ]: creata un'istanza di FileTransfer
07/23/2024 19:19:57 | INFO      | [FileTransfer   ]: SRC e DST selezionati correttamente
07/23/2024 19:19:58 | INFO      | [FileTransfer   ]: analisi terminata
07/23/2024 19:21:22 | INFO      | [FileTransfer   ]: chiusura istanza di FileTransfer
07/23/2024 19:21:22 | INFO      | [FileTransfer   ]: ********************************************************************************
07/23/2024 19:21:22 | INFO      | app chiusa
07/23/2024 19:21:22 | INFO      | ################################################################################
